<!DOCTYPE html>

<html>
  <head>
  <meta charset='utf-8'>
  <title>TestNG reports</title>

    <link type="text/css" href="testng-reports1.css" rel="stylesheet" id="ultra" />
    <link type="text/css" href="testng-reports.css" rel="stylesheet" id="retro" disabled="false"/>
    <script type="text/javascript" src="jquery-3.6.0.min.js"></script>
    <script type="text/javascript" src="testng-reports.js"></script>
    <script type="text/javascript" src="https://www.google.com/jsapi"></script>
    <script type='text/javascript'>
      google.load('visualization', '1', {packages:['table']});
      google.setOnLoadCallback(drawTable);
      var suiteTableInitFunctions = new Array();
      var suiteTableData = new Array();
    </script>
    <!--
      <script type="text/javascript" src="jquery-ui/js/jquery-ui-1.8.16.custom.min.js"></script>
     -->
  </head>

  <body>    <div class="top-banner-root">
      <span class="top-banner-title-font">Test results</span>
      <button id="button" class="button">Switch Retro Theme</button> <!-- button -->
      <br/>
      <span class="top-banner-font-1">1 suite</span>
    </div> <!-- top-banner-root -->
    <div class="navigator-root">
      <div class="navigator-suite-header">
        <span>All suites</span>
        <a href="#" title="Collapse/expand all the suites" class="collapse-all-link">
          <img src="collapseall.gif" class="collapse-all-icon">
          </img> <!-- collapse-all-icon -->
        </a> <!-- collapse-all-link -->
      </div> <!-- navigator-suite-header -->
      <div class="suite">
        <div class="rounded-window">
          <div class="suite-header light-rounded-window-top">
            <a href="#" panel-name="suite-Smoke" class="navigator-link">
              <span class="suite-name border-skipped">Smoke</span>
            </a> <!-- navigator-link -->
          </div> <!-- suite-header light-rounded-window-top -->
          <div class="navigator-suite-content">
            <div class="suite-section-title">
              <span>Info</span>
            </div> <!-- suite-section-title -->
            <div class="suite-section-content">
              <ul>
                <li>
                  <a href="#" panel-name="test-xml-Smoke" class="navigator-link ">
                    <span>E:\Automation Workspace\FrameXMobile_V1.0\src\test\resources\Runners\Smoke.xml</span>
                  </a> <!-- navigator-link  -->
                </li>
                <li>
                  <a href="#" panel-name="testlist-Smoke" class="navigator-link ">
                    <span class="test-stats">5 tests</span>
                  </a> <!-- navigator-link  -->
                </li>
                <li>
                  <a href="#" panel-name="group-Smoke" class="navigator-link ">
                    <span>0 groups</span>
                  </a> <!-- navigator-link  -->
                </li>
                <li>
                  <a href="#" panel-name="times-Smoke" class="navigator-link ">
                    <span>Times</span>
                  </a> <!-- navigator-link  -->
                </li>
                <li>
                  <a href="#" panel-name="reporter-Smoke" class="navigator-link ">
                    <span>Reporter output</span>
                  </a> <!-- navigator-link  -->
                </li>
                <li>
                  <a href="#" panel-name="ignored-methods-Smoke" class="navigator-link ">
                    <span>Ignored methods</span>
                  </a> <!-- navigator-link  -->
                </li>
                <li>
                  <a href="#" panel-name="chronological-Smoke" class="navigator-link ">
                    <span>Chronological view</span>
                  </a> <!-- navigator-link  -->
                </li>
              </ul>
            </div> <!-- suite-section-content -->
            <div class="result-section">
              <div class="suite-section-title">
                <span>Results</span>
              </div> <!-- suite-section-title -->
              <div class="suite-section-content">
                <ul>
                  <li>
                    <span class="method-stats">35 methods,  25 skipped,  10 passed</span>
                  </li>
                  <li>
                    <span class="method-list-title skipped">Skipped methods</span>
                    <span class="show-or-hide-methods skipped">
                      <a href="#" panel-name="suite-Smoke" class="hide-methods skipped suite-Smoke"> (hide)</a> <!-- hide-methods skipped suite-Smoke -->
                      <a href="#" panel-name="suite-Smoke" class="show-methods skipped suite-Smoke"> (show)</a> <!-- show-methods skipped suite-Smoke -->
                    </span>
                    <div class="method-list-content skipped suite-Smoke">
                      <span>
                        <img src="skipped.png" width="3%"/>
                        <a href="#" panel-name="suite-Smoke" title="Tests.AttendanceTest" class="method navigator-link" hash-for-method="TC_001_VerifyAttendance({Runmode=Y, Image Required=true, Attendancetype=Present, TC ID=TC_004}, public static void Tests.Att...)">TC_001_VerifyAttendance({Runmode=Y, Image Required=true, Attendancetype=Present, TC ID=TC_004}, public static void Tests.Att...)</a> <!-- method navigator-link -->
                      </span>
                      <br/>
                      <span>
                        <img src="skipped.png" width="3%"/>
                        <a href="#" panel-name="suite-Smoke" title="Tests.DownloadcallsTest" class="method navigator-link" hash-for-method="TC_001_VerifyDownloadcalls({TargetId=33011, Runmode=Y, TC ID=TC_001}, public static void Tests.DownloadcallsTest.TC_001_VerifyD...)">TC_001_VerifyDownloadcalls({TargetId=33011, Runmode=Y, TC ID=TC_001}, public static void Tests.DownloadcallsTest.TC_001_VerifyD...)</a> <!-- method navigator-link -->
                      </span>
                      <br/>
                      <span>
                        <img src="skipped.png" width="3%"/>
                        <a href="#" panel-name="suite-Smoke" title="Tests.DownloadcallsTest" class="method navigator-link" hash-for-method="TC_001_VerifyDownloadcalls({TargetId=000000, Runmode=Y, TC ID=TC_002}, public static void Tests.DownloadcallsTest.TC_001_Verify...)">TC_001_VerifyDownloadcalls({TargetId=000000, Runmode=Y, TC ID=TC_002}, public static void Tests.DownloadcallsTest.TC_001_Verify...)</a> <!-- method navigator-link -->
                      </span>
                      <br/>
                      <span>
                        <img src="skipped.png" width="3%"/>
                        <a href="#" panel-name="suite-Smoke" title="Tests.DownloadcallsTest" class="method navigator-link" hash-for-method="TC_001_VerifyDownloadcalls({TargetId=33011, Runmode=Y, TC ID=TC_003}, public static void Tests.DownloadcallsTest.TC_001_VerifyD...)">TC_001_VerifyDownloadcalls({TargetId=33011, Runmode=Y, TC ID=TC_003}, public static void Tests.DownloadcallsTest.TC_001_VerifyD...)</a> <!-- method navigator-link -->
                      </span>
                      <br/>
                      <span>
                        <img src="skipped.png" width="3%"/>
                        <a href="#" panel-name="suite-Smoke" title="Tests.DownloadcallsTest" class="method navigator-link" hash-for-method="TC_001_VerifyDownloadcalls({TargetId=, Runmode=, TC ID=}, public static void Tests.DownloadcallsTest.TC_001_VerifyDownloadcalls...)">TC_001_VerifyDownloadcalls({TargetId=, Runmode=, TC ID=}, public static void Tests.DownloadcallsTest.TC_001_VerifyDownloadcalls...)</a> <!-- method navigator-link -->
                      </span>
                      <br/>
                      <span>
                        <img src="skipped.png" width="3%"/>
                        <a href="#" panel-name="suite-Smoke" title="Tests.LoginTest" class="method navigator-link" hash-for-method="TC_001_VerifyLogin({Mobilenumber=, Username=, Password=, Runmode=N, Project=, TC ID=TC_009}, public static void Tests.L...)">TC_001_VerifyLogin({Mobilenumber=, Username=, Password=, Runmode=N, Project=, TC ID=TC_009}, public static void Tests.L...)</a> <!-- method navigator-link -->
                      </span>
                      <br/>
                      <span>
                        <img src="skipped.png" width="3%"/>
                        <a href="#" panel-name="suite-Smoke" title="Tests.LoginTest" class="method navigator-link" hash-for-method="TC_001_VerifyLogin({Mobilenumber=8248606917, Username=vishaldel, Password=vishaldel, Runmode=N, Project=, TC ID=TC_007}...)">TC_001_VerifyLogin({Mobilenumber=8248606917, Username=vishaldel, Password=vishaldel, Runmode=N, Project=, TC ID=TC_007}...)</a> <!-- method navigator-link -->
                      </span>
                      <br/>
                      <span>
                        <img src="skipped.png" width="3%"/>
                        <a href="#" panel-name="suite-Smoke" title="Tests.LoginTest" class="method navigator-link" hash-for-method="TC_001_VerifyLogin({Mobilenumber=8248606917, Username=vishalde, Password=vishaldel, Runmode=N, Project=jj_test, TC ID=T...)">TC_001_VerifyLogin({Mobilenumber=8248606917, Username=vishalde, Password=vishaldel, Runmode=N, Project=jj_test, TC ID=T...)</a> <!-- method navigator-link -->
                      </span>
                      <br/>
                      <span>
                        <img src="skipped.png" width="3%"/>
                        <a href="#" panel-name="suite-Smoke" title="Tests.LoginTest" class="method navigator-link" hash-for-method="TC_001_VerifyLogin({Mobilenumber=8248606917, Username=, Password=vishaldel, Runmode=N, Project=jj_test, TC ID=TC_005}, ...)">TC_001_VerifyLogin({Mobilenumber=8248606917, Username=, Password=vishaldel, Runmode=N, Project=jj_test, TC ID=TC_005}, ...)</a> <!-- method navigator-link -->
                      </span>
                      <br/>
                      <span>
                        <img src="skipped.png" width="3%"/>
                        <a href="#" panel-name="suite-Smoke" title="Tests.LoginTest" class="method navigator-link" hash-for-method="TC_001_VerifyLogin({Mobilenumber=8248606917, Username=vishaldel, Password=vishalde, Runmode=N, Project=jj_test, TC ID=T...)">TC_001_VerifyLogin({Mobilenumber=8248606917, Username=vishaldel, Password=vishalde, Runmode=N, Project=jj_test, TC ID=T...)</a> <!-- method navigator-link -->
                      </span>
                      <br/>
                      <span>
                        <img src="skipped.png" width="3%"/>
                        <a href="#" panel-name="suite-Smoke" title="Tests.LoginTest" class="method navigator-link" hash-for-method="TC_001_VerifyLogin({Mobilenumber=8248606917, Username=vishaldel, Password=vishaldel, Runmode=N, Project=jj_tes, TC ID=T...)">TC_001_VerifyLogin({Mobilenumber=8248606917, Username=vishaldel, Password=vishaldel, Runmode=N, Project=jj_tes, TC ID=T...)</a> <!-- method navigator-link -->
                      </span>
                      <br/>
                      <span>
                        <img src="skipped.png" width="3%"/>
                        <a href="#" panel-name="suite-Smoke" title="Tests.LoginTest" class="method navigator-link" hash-for-method="TC_001_VerifyLogin({Mobilenumber=8248606917, Username=vishalde, Password=vishalde, Runmode=N, Project=jj_tes, TC ID=TC_...)">TC_001_VerifyLogin({Mobilenumber=8248606917, Username=vishalde, Password=vishalde, Runmode=N, Project=jj_tes, TC ID=TC_...)</a> <!-- method navigator-link -->
                      </span>
                      <br/>
                      <span>
                        <img src="skipped.png" width="3%"/>
                        <a href="#" panel-name="suite-Smoke" title="Tests.LoginTest" class="method navigator-link" hash-for-method="TC_001_VerifyLogin({Mobilenumber=, Username=vishaldel, Password=vishaldel, Runmode=N, Project=jj_test, TC ID=TC_008}, p...)">TC_001_VerifyLogin({Mobilenumber=, Username=vishaldel, Password=vishaldel, Runmode=N, Project=jj_test, TC ID=TC_008}, p...)</a> <!-- method navigator-link -->
                      </span>
                      <br/>
                      <span>
                        <img src="skipped.png" width="3%"/>
                        <a href="#" panel-name="suite-Smoke" title="Tests.LoginTest" class="method navigator-link" hash-for-method="TC_001_VerifyLogin({Mobilenumber=8248606917, Username=vishaldel, Password=, Runmode=N, Project=jj_test, TC ID=TC_006}, ...)">TC_001_VerifyLogin({Mobilenumber=8248606917, Username=vishaldel, Password=, Runmode=N, Project=jj_test, TC ID=TC_006}, ...)</a> <!-- method navigator-link -->
                      </span>
                      <br/>
                      <span>
                        <img src="skipped.png" width="3%"/>
                        <a href="#" panel-name="suite-Smoke" title="Tests.AttendanceTest" class="method navigator-link" hash-for-method="TC_002_VerifyImagerequired({Runmode=Y, Attendancetype=Leave, TC ID=TC_003}, public static void Tests.AttendanceTest.TC_002_Veri...)">TC_002_VerifyImagerequired({Runmode=Y, Attendancetype=Leave, TC ID=TC_003}, public static void Tests.AttendanceTest.TC_002_Veri...)</a> <!-- method navigator-link -->
                      </span>
                      <br/>
                      <span>
                        <img src="skipped.png" width="3%"/>
                        <a href="#" panel-name="suite-Smoke" title="Tests.AttendanceTest" class="method navigator-link" hash-for-method="TC_002_VerifyImagerequired({Runmode=Y, Attendancetype=Absent, TC ID=TC_003}, public static void Tests.AttendanceTest.TC_002_Ver...)">TC_002_VerifyImagerequired({Runmode=Y, Attendancetype=Absent, TC ID=TC_003}, public static void Tests.AttendanceTest.TC_002_Ver...)</a> <!-- method navigator-link -->
                      </span>
                      <br/>
                      <span>
                        <img src="skipped.png" width="3%"/>
                        <a href="#" panel-name="suite-Smoke" title="Tests.AttendanceTest" class="method navigator-link" hash-for-method="TC_002_VerifyImagerequired({Runmode=Y, Attendancetype=Present, TC ID=TC_003}, public static void Tests.AttendanceTest.TC_002_Ve...)">TC_002_VerifyImagerequired({Runmode=Y, Attendancetype=Present, TC ID=TC_003}, public static void Tests.AttendanceTest.TC_002_Ve...)</a> <!-- method navigator-link -->
                      </span>
                      <br/>
                      <span>
                        <img src="skipped.png" width="3%"/>
                        <a href="#" panel-name="suite-Smoke" title="Tests.AttendanceTest" class="method navigator-link" hash-for-method="TC_002_VerifyImagerequired({Runmode=N, Attendancetype=Resign, TC ID=TC_003}, public static void Tests.AttendanceTest.TC_002_Ver...)">TC_002_VerifyImagerequired({Runmode=N, Attendancetype=Resign, TC ID=TC_003}, public static void Tests.AttendanceTest.TC_002_Ver...)</a> <!-- method navigator-link -->
                      </span>
                      <br/>
                      <span>
                        <img src="skipped.png" width="3%"/>
                        <a href="#" panel-name="suite-Smoke" title="Tests.AttendanceTest" class="method navigator-link" hash-for-method="TC_002_VerifyImagerequired({Runmode=Y, Attendancetype=Holiday, TC ID=TC_003}, public static void Tests.AttendanceTest.TC_002_Ve...)">TC_002_VerifyImagerequired({Runmode=Y, Attendancetype=Holiday, TC ID=TC_003}, public static void Tests.AttendanceTest.TC_002_Ve...)</a> <!-- method navigator-link -->
                      </span>
                      <br/>
                      <span>
                        <img src="skipped.png" width="3%"/>
                        <a href="#" panel-name="suite-Smoke" title="Tests.AttendanceTest" class="method navigator-link" hash-for-method="TC_002_VerifyImagerequired({Runmode=Y, Attendancetype=At Office, TC ID=TC_003}, public static void Tests.AttendanceTest.TC_002_...)">TC_002_VerifyImagerequired({Runmode=Y, Attendancetype=At Office, TC ID=TC_003}, public static void Tests.AttendanceTest.TC_002_...)</a> <!-- method navigator-link -->
                      </span>
                      <br/>
                      <span>
                        <img src="skipped.png" width="3%"/>
                        <a href="#" panel-name="suite-Smoke" title="Tests.AttendanceTest" class="method navigator-link" hash-for-method="TC_002_VerifyImagerequired({Runmode=Y, Attendancetype=Tour, TC ID=TC_003}, public static void Tests.AttendanceTest.TC_002_Verif...)">TC_002_VerifyImagerequired({Runmode=Y, Attendancetype=Tour, TC ID=TC_003}, public static void Tests.AttendanceTest.TC_002_Verif...)</a> <!-- method navigator-link -->
                      </span>
                      <br/>
                      <span>
                        <img src="skipped.png" width="3%"/>
                        <a href="#" panel-name="suite-Smoke" title="Tests.AttendanceTest" class="method navigator-link" hash-for-method="TC_002_VerifyImagerequired({Runmode=Y, Attendancetype=Week off, TC ID=TC_003}, public static void Tests.AttendanceTest.TC_002_V...)">TC_002_VerifyImagerequired({Runmode=Y, Attendancetype=Week off, TC ID=TC_003}, public static void Tests.AttendanceTest.TC_002_V...)</a> <!-- method navigator-link -->
                      </span>
                      <br/>
                      <span>
                        <img src="skipped.png" width="3%"/>
                        <a href="#" panel-name="suite-Smoke" title="Tests.AttendanceTest" class="method navigator-link" hash-for-method="TC_002_VerifyImagerequired({Runmode=Y, Attendancetype=Training, TC ID=TC_003}, public static void Tests.AttendanceTest.TC_002_V...)">TC_002_VerifyImagerequired({Runmode=Y, Attendancetype=Training, TC ID=TC_003}, public static void Tests.AttendanceTest.TC_002_V...)</a> <!-- method navigator-link -->
                      </span>
                      <br/>
                      <span>
                        <img src="skipped.png" width="3%"/>
                        <a href="#" panel-name="suite-Smoke" title="Tests.AttendanceTest" class="method navigator-link" hash-for-method="TC_002_VerifyImagerequired({Runmode=Y, Attendancetype=Monthly Meeting, TC ID=TC_003}, public static void Tests.AttendanceTest.T...)">TC_002_VerifyImagerequired({Runmode=Y, Attendancetype=Monthly Meeting, TC ID=TC_003}, public static void Tests.AttendanceTest.T...)</a> <!-- method navigator-link -->
                      </span>
                      <br/>
                      <span>
                        <img src="skipped.png" width="3%"/>
                        <a href="#" panel-name="suite-Smoke" title="Tests.LoginTest" class="method navigator-link" hash-for-method="TC_002_Verify_AppVersion({Runmode=Y, Version=V 3.1.3, TC ID=TC_012}, public static void Tests.LoginTest.TC_002_Verify_AppVers...)">TC_002_Verify_AppVersion({Runmode=Y, Version=V 3.1.3, TC ID=TC_012}, public static void Tests.LoginTest.TC_002_Verify_AppVers...)</a> <!-- method navigator-link -->
                      </span>
                      <br/>
                    </div> <!-- method-list-content skipped suite-Smoke -->
                  </li>
                  <li>
                    <span class="method-list-title passed">Passed methods</span>
                    <span class="show-or-hide-methods passed">
                      <a href="#" panel-name="suite-Smoke" class="hide-methods passed suite-Smoke"> (hide)</a> <!-- hide-methods passed suite-Smoke -->
                      <a href="#" panel-name="suite-Smoke" class="show-methods passed suite-Smoke"> (show)</a> <!-- show-methods passed suite-Smoke -->
                    </span>
                    <div class="method-list-content passed suite-Smoke">
                      <span>
                        <img src="passed.png" width="3%"/>
                        <a href="#" panel-name="suite-Smoke" title="Tests.ResourceCentreTest" class="method navigator-link" hash-for-method="TC001_VerifyResourcecentrefiles({Filename=retail-industry-trends.jpg, Runmode=Y, TC ID=TC_006}, public static void Tests.ResourceCen...)">TC001_VerifyResourcecentrefiles({Filename=retail-industry-trends.jpg, Runmode=Y, TC ID=TC_006}, public static void Tests.ResourceCen...)</a> <!-- method navigator-link -->
                      </span>
                      <br/>
                      <span>
                        <img src="passed.png" width="3%"/>
                        <a href="#" panel-name="suite-Smoke" title="Tests.ResourceCentreTest" class="method navigator-link" hash-for-method="TC001_VerifyResourcecentrefiles({Filename=Task Target Mapping (29)(1).xlsx, Runmode=Y, TC ID=TC_007}, public static void Tests.Resou...)">TC001_VerifyResourcecentrefiles({Filename=Task Target Mapping (29)(1).xlsx, Runmode=Y, TC ID=TC_007}, public static void Tests.Resou...)</a> <!-- method navigator-link -->
                      </span>
                      <br/>
                      <span>
                        <img src="passed.png" width="3%"/>
                        <a href="#" panel-name="suite-Smoke" title="Tests.ResourceCentreTest" class="method navigator-link" hash-for-method="TC001_VerifyResourcecentrefiles({Filename=Mobile App Toolkit_free.mp4, Runmode=Y, TC ID=TC_002}, public static void Tests.ResourceCe...)">TC001_VerifyResourcecentrefiles({Filename=Mobile App Toolkit_free.mp4, Runmode=Y, TC ID=TC_002}, public static void Tests.ResourceCe...)</a> <!-- method navigator-link -->
                      </span>
                      <br/>
                      <span>
                        <img src="passed.png" width="3%"/>
                        <a href="#" panel-name="suite-Smoke" title="Tests.ResourceCentreTest" class="method navigator-link" hash-for-method="TC001_VerifyResourcecentrefiles({Filename=NOGST_NOPAN.pdf, Runmode=Y, TC ID=TC_003}, public static void Tests.ResourceCentreTest.TC0...)">TC001_VerifyResourcecentrefiles({Filename=NOGST_NOPAN.pdf, Runmode=Y, TC ID=TC_003}, public static void Tests.ResourceCentreTest.TC0...)</a> <!-- method navigator-link -->
                      </span>
                      <br/>
                      <span>
                        <img src="passed.png" width="3%"/>
                        <a href="#" panel-name="suite-Smoke" title="Tests.ResourceCentreTest" class="method navigator-link" hash-for-method="TC001_VerifyResourcecentrefiles({Filename=Lead 2023 design.pptx, Runmode=Y, TC ID=TC_001}, public static void Tests.ResourceCentreTe...)">TC001_VerifyResourcecentrefiles({Filename=Lead 2023 design.pptx, Runmode=Y, TC ID=TC_001}, public static void Tests.ResourceCentreTe...)</a> <!-- method navigator-link -->
                      </span>
                      <br/>
                      <span>
                        <img src="passed.png" width="3%"/>
                        <a href="#" panel-name="suite-Smoke" title="Tests.ResourceCentreTest" class="method navigator-link" hash-for-method="TC001_VerifyResourcecentrefiles({Filename=The Merchandising black book.pptx, Runmode=Y, TC ID=TC_009}, public static void Tests.Reso...)">TC001_VerifyResourcecentrefiles({Filename=The Merchandising black book.pptx, Runmode=Y, TC ID=TC_009}, public static void Tests.Reso...)</a> <!-- method navigator-link -->
                      </span>
                      <br/>
                      <span>
                        <img src="passed.png" width="3%"/>
                        <a href="#" panel-name="suite-Smoke" title="Tests.ResourceCentreTest" class="method navigator-link" hash-for-method="TC001_VerifyResourcecentrefiles({Filename=NOGST_PAN.pdf, Runmode=Y, TC ID=TC_004}, public static void Tests.ResourceCentreTest.TC001...)">TC001_VerifyResourcecentrefiles({Filename=NOGST_PAN.pdf, Runmode=Y, TC ID=TC_004}, public static void Tests.ResourceCentreTest.TC001...)</a> <!-- method navigator-link -->
                      </span>
                      <br/>
                      <span>
                        <img src="passed.png" width="3%"/>
                        <a href="#" panel-name="suite-Smoke" title="Tests.ResourceCentreTest" class="method navigator-link" hash-for-method="TC001_VerifyResourcecentrefiles({Filename=redipae.docx, Runmode=Y, TC ID=TC_005}, public static void Tests.ResourceCentreTest.TC001_...)">TC001_VerifyResourcecentrefiles({Filename=redipae.docx, Runmode=Y, TC ID=TC_005}, public static void Tests.ResourceCentreTest.TC001_...)</a> <!-- method navigator-link -->
                      </span>
                      <br/>
                      <span>
                        <img src="passed.png" width="3%"/>
                        <a href="#" panel-name="suite-Smoke" title="Tests.ResourceCentreTest" class="method navigator-link" hash-for-method="TC001_VerifyResourcecentrefiles({Filename=Tech-Trends-in-Retail.jpg, Runmode=Y, TC ID=TC_008}, public static void Tests.ResourceCent...)">TC001_VerifyResourcecentrefiles({Filename=Tech-Trends-in-Retail.jpg, Runmode=Y, TC ID=TC_008}, public static void Tests.ResourceCent...)</a> <!-- method navigator-link -->
                      </span>
                      <br/>
                      <span>
                        <img src="passed.png" width="3%"/>
                        <a href="#" panel-name="suite-Smoke" title="Tests.LoginTest" class="method navigator-link" hash-for-method="TC_001_VerifyLogin({Mobilenumber=8248606917, Username=E1M4, Password=E1M4, Runmode=Y, Project=framedemo_d1, TC ID=TC_01...)">TC_001_VerifyLogin({Mobilenumber=8248606917, Username=E1M4, Password=E1M4, Runmode=Y, Project=framedemo_d1, TC ID=TC_01...)</a> <!-- method navigator-link -->
                      </span>
                      <br/>
                    </div> <!-- method-list-content passed suite-Smoke -->
                  </li>
                </ul>
              </div> <!-- suite-section-content -->
            </div> <!-- result-section -->
          </div> <!-- navigator-suite-content -->
        </div> <!-- rounded-window -->
      </div> <!-- suite -->
    </div> <!-- navigator-root -->
    <div class="wrapper">
      <div class="main-panel-root">
        <div panel-name="suite-Smoke" class="panel Smoke">
          <div class="suite-Smoke-class-skipped">
            <div class="main-panel-header rounded-window-top">
              <img src="skipped.png"/>
              <span class="class-name">Tests.LoginTest</span>
            </div> <!-- main-panel-header rounded-window-top -->
            <div class="main-panel-content rounded-window-bottom">
              <div class="method">
                <div class="method-content">
                  <a name="TC_001_VerifyLogin({Mobilenumber=, Username=, Password=, Runmode=N, Project=, TC ID=TC_009}, public static void Tests.L...)">
                  </a> <!-- TC_001_VerifyLogin({Mobilenumber=, Username=, Password=, Runmode=N, Project=, TC ID=TC_009}, public static void Tests.L...) -->
                  <span class="method-name">TC_001_VerifyLogin</span>
                  <span class="parameters">({Mobilenumber=, Username=, Password=, Runmode=N, Project=, TC ID=TC_009},public static void Tests.LoginTest.TC_001_VerifyLogin(java.util.Hashtable,java.lang.reflect.Method) throws java.lang.Exception)</span>
                  <div class="stack-trace">org.testng.SkipException: Skipping the test case as the Run mode for data set is NO
	at Utilities.Utils.checkexecution(Utils.java:225)
	at Tests.LoginTest.TC_001_VerifyLogin(LoginTest.java:21)
	at java.base/jdk.internal.reflect.NativeMethodAccessorImpl.invoke0(Native Method)
	at java.base/jdk.internal.reflect.NativeMethodAccessorImpl.invoke(NativeMethodAccessorImpl.java:77)
	at java.base/jdk.internal.reflect.DelegatingMethodAccessorImpl.invoke(DelegatingMethodAccessorImpl.java:43)
	at java.base/java.lang.reflect.Method.invoke(Method.java:568)
	at org.testng.internal.invokers.MethodInvocationHelper.invokeMethod(MethodInvocationHelper.java:139)
	at org.testng.internal.invokers.TestInvoker.invokeMethod(TestInvoker.java:677)
	at org.testng.internal.invokers.TestInvoker.invokeTestMethod(TestInvoker.java:221)
	at org.testng.internal.invokers.MethodRunner.runInSequence(MethodRunner.java:50)
	at org.testng.internal.invokers.TestInvoker$MethodInvocationAgent.invoke(TestInvoker.java:969)
	at org.testng.internal.invokers.TestInvoker.invokeTestMethods(TestInvoker.java:194)
	at org.testng.internal.invokers.TestMethodWorker.invokeTestMethods(TestMethodWorker.java:148)
	at org.testng.internal.invokers.TestMethodWorker.run(TestMethodWorker.java:128)
	at java.base/java.util.ArrayList.forEach(ArrayList.java:1511)
	at org.testng.TestRunner.privateRun(TestRunner.java:829)
	at org.testng.TestRunner.run(TestRunner.java:602)
	at org.testng.SuiteRunner.runTest(SuiteRunner.java:437)
	at org.testng.SuiteRunner.runSequentially(SuiteRunner.java:431)
	at org.testng.SuiteRunner.privateRun(SuiteRunner.java:391)
	at org.testng.SuiteRunner.run(SuiteRunner.java:330)
	at org.testng.SuiteRunnerWorker.runSuite(SuiteRunnerWorker.java:52)
	at org.testng.SuiteRunnerWorker.run(SuiteRunnerWorker.java:95)
	at org.testng.TestNG.runSuitesSequentially(TestNG.java:1256)
	at org.testng.TestNG.runSuitesLocally(TestNG.java:1176)
	at org.testng.TestNG.runSuites(TestNG.java:1099)
	at org.testng.TestNG.run(TestNG.java:1067)
	at org.testng.remote.AbstractRemoteTestNG.run(AbstractRemoteTestNG.java:115)
	at org.testng.remote.RemoteTestNG.initAndRun(RemoteTestNG.java:251)
	at org.testng.remote.RemoteTestNG.main(RemoteTestNG.java:77)

</div> <!-- stack-trace -->
                  <em>
(This  test case verifies the login functionality of the application using the provided test data.)                  </em>
                </div> <!-- method-content -->
              </div> <!-- method -->
              <div class="method">
                <div class="method-content">
                  <a name="TC_001_VerifyLogin({Mobilenumber=8248606917, Username=vishaldel, Password=vishaldel, Runmode=N, Project=, TC ID=TC_007}...)">
                  </a> <!-- TC_001_VerifyLogin({Mobilenumber=8248606917, Username=vishaldel, Password=vishaldel, Runmode=N, Project=, TC ID=TC_007}...) -->
                  <span class="method-name">TC_001_VerifyLogin</span>
                  <span class="parameters">({Mobilenumber=8248606917, Username=vishaldel, Password=vishaldel, Runmode=N, Project=, TC ID=TC_007},public static void Tests.LoginTest.TC_001_VerifyLogin(java.util.Hashtable,java.lang.reflect.Method) throws java.lang.Exception)</span>
                  <div class="stack-trace">org.testng.SkipException: Skipping the test case as the Run mode for data set is NO
	at Utilities.Utils.checkexecution(Utils.java:225)
	at Tests.LoginTest.TC_001_VerifyLogin(LoginTest.java:21)
	at java.base/jdk.internal.reflect.NativeMethodAccessorImpl.invoke0(Native Method)
	at java.base/jdk.internal.reflect.NativeMethodAccessorImpl.invoke(NativeMethodAccessorImpl.java:77)
	at java.base/jdk.internal.reflect.DelegatingMethodAccessorImpl.invoke(DelegatingMethodAccessorImpl.java:43)
	at java.base/java.lang.reflect.Method.invoke(Method.java:568)
	at org.testng.internal.invokers.MethodInvocationHelper.invokeMethod(MethodInvocationHelper.java:139)
	at org.testng.internal.invokers.TestInvoker.invokeMethod(TestInvoker.java:677)
	at org.testng.internal.invokers.TestInvoker.invokeTestMethod(TestInvoker.java:221)
	at org.testng.internal.invokers.MethodRunner.runInSequence(MethodRunner.java:50)
	at org.testng.internal.invokers.TestInvoker$MethodInvocationAgent.invoke(TestInvoker.java:969)
	at org.testng.internal.invokers.TestInvoker.invokeTestMethods(TestInvoker.java:194)
	at org.testng.internal.invokers.TestMethodWorker.invokeTestMethods(TestMethodWorker.java:148)
	at org.testng.internal.invokers.TestMethodWorker.run(TestMethodWorker.java:128)
	at java.base/java.util.ArrayList.forEach(ArrayList.java:1511)
	at org.testng.TestRunner.privateRun(TestRunner.java:829)
	at org.testng.TestRunner.run(TestRunner.java:602)
	at org.testng.SuiteRunner.runTest(SuiteRunner.java:437)
	at org.testng.SuiteRunner.runSequentially(SuiteRunner.java:431)
	at org.testng.SuiteRunner.privateRun(SuiteRunner.java:391)
	at org.testng.SuiteRunner.run(SuiteRunner.java:330)
	at org.testng.SuiteRunnerWorker.runSuite(SuiteRunnerWorker.java:52)
	at org.testng.SuiteRunnerWorker.run(SuiteRunnerWorker.java:95)
	at org.testng.TestNG.runSuitesSequentially(TestNG.java:1256)
	at org.testng.TestNG.runSuitesLocally(TestNG.java:1176)
	at org.testng.TestNG.runSuites(TestNG.java:1099)
	at org.testng.TestNG.run(TestNG.java:1067)
	at org.testng.remote.AbstractRemoteTestNG.run(AbstractRemoteTestNG.java:115)
	at org.testng.remote.RemoteTestNG.initAndRun(RemoteTestNG.java:251)
	at org.testng.remote.RemoteTestNG.main(RemoteTestNG.java:77)

</div> <!-- stack-trace -->
                  <em>
(This  test case verifies the login functionality of the application using the provided test data.)                  </em>
                </div> <!-- method-content -->
              </div> <!-- method -->
              <div class="method">
                <div class="method-content">
                  <a name="TC_001_VerifyLogin({Mobilenumber=8248606917, Username=vishalde, Password=vishaldel, Runmode=N, Project=jj_test, TC ID=T...)">
                  </a> <!-- TC_001_VerifyLogin({Mobilenumber=8248606917, Username=vishalde, Password=vishaldel, Runmode=N, Project=jj_test, TC ID=T...) -->
                  <span class="method-name">TC_001_VerifyLogin</span>
                  <span class="parameters">({Mobilenumber=8248606917, Username=vishalde, Password=vishaldel, Runmode=N, Project=jj_test, TC ID=TC_002},public static void Tests.LoginTest.TC_001_VerifyLogin(java.util.Hashtable,java.lang.reflect.Method) throws java.lang.Exception)</span>
                  <div class="stack-trace">org.testng.SkipException: Skipping the test case as the Run mode for data set is NO
	at Utilities.Utils.checkexecution(Utils.java:225)
	at Tests.LoginTest.TC_001_VerifyLogin(LoginTest.java:21)
	at java.base/jdk.internal.reflect.NativeMethodAccessorImpl.invoke0(Native Method)
	at java.base/jdk.internal.reflect.NativeMethodAccessorImpl.invoke(NativeMethodAccessorImpl.java:77)
	at java.base/jdk.internal.reflect.DelegatingMethodAccessorImpl.invoke(DelegatingMethodAccessorImpl.java:43)
	at java.base/java.lang.reflect.Method.invoke(Method.java:568)
	at org.testng.internal.invokers.MethodInvocationHelper.invokeMethod(MethodInvocationHelper.java:139)
	at org.testng.internal.invokers.TestInvoker.invokeMethod(TestInvoker.java:677)
	at org.testng.internal.invokers.TestInvoker.invokeTestMethod(TestInvoker.java:221)
	at org.testng.internal.invokers.MethodRunner.runInSequence(MethodRunner.java:50)
	at org.testng.internal.invokers.TestInvoker$MethodInvocationAgent.invoke(TestInvoker.java:969)
	at org.testng.internal.invokers.TestInvoker.invokeTestMethods(TestInvoker.java:194)
	at org.testng.internal.invokers.TestMethodWorker.invokeTestMethods(TestMethodWorker.java:148)
	at org.testng.internal.invokers.TestMethodWorker.run(TestMethodWorker.java:128)
	at java.base/java.util.ArrayList.forEach(ArrayList.java:1511)
	at org.testng.TestRunner.privateRun(TestRunner.java:829)
	at org.testng.TestRunner.run(TestRunner.java:602)
	at org.testng.SuiteRunner.runTest(SuiteRunner.java:437)
	at org.testng.SuiteRunner.runSequentially(SuiteRunner.java:431)
	at org.testng.SuiteRunner.privateRun(SuiteRunner.java:391)
	at org.testng.SuiteRunner.run(SuiteRunner.java:330)
	at org.testng.SuiteRunnerWorker.runSuite(SuiteRunnerWorker.java:52)
	at org.testng.SuiteRunnerWorker.run(SuiteRunnerWorker.java:95)
	at org.testng.TestNG.runSuitesSequentially(TestNG.java:1256)
	at org.testng.TestNG.runSuitesLocally(TestNG.java:1176)
	at org.testng.TestNG.runSuites(TestNG.java:1099)
	at org.testng.TestNG.run(TestNG.java:1067)
	at org.testng.remote.AbstractRemoteTestNG.run(AbstractRemoteTestNG.java:115)
	at org.testng.remote.RemoteTestNG.initAndRun(RemoteTestNG.java:251)
	at org.testng.remote.RemoteTestNG.main(RemoteTestNG.java:77)

</div> <!-- stack-trace -->
                  <em>
(This  test case verifies the login functionality of the application using the provided test data.)                  </em>
                </div> <!-- method-content -->
              </div> <!-- method -->
              <div class="method">
                <div class="method-content">
                  <a name="TC_001_VerifyLogin({Mobilenumber=8248606917, Username=, Password=vishaldel, Runmode=N, Project=jj_test, TC ID=TC_005}, ...)">
                  </a> <!-- TC_001_VerifyLogin({Mobilenumber=8248606917, Username=, Password=vishaldel, Runmode=N, Project=jj_test, TC ID=TC_005}, ...) -->
                  <span class="method-name">TC_001_VerifyLogin</span>
                  <span class="parameters">({Mobilenumber=8248606917, Username=, Password=vishaldel, Runmode=N, Project=jj_test, TC ID=TC_005},public static void Tests.LoginTest.TC_001_VerifyLogin(java.util.Hashtable,java.lang.reflect.Method) throws java.lang.Exception)</span>
                  <div class="stack-trace">org.testng.SkipException: Skipping the test case as the Run mode for data set is NO
	at Utilities.Utils.checkexecution(Utils.java:225)
	at Tests.LoginTest.TC_001_VerifyLogin(LoginTest.java:21)
	at java.base/jdk.internal.reflect.NativeMethodAccessorImpl.invoke0(Native Method)
	at java.base/jdk.internal.reflect.NativeMethodAccessorImpl.invoke(NativeMethodAccessorImpl.java:77)
	at java.base/jdk.internal.reflect.DelegatingMethodAccessorImpl.invoke(DelegatingMethodAccessorImpl.java:43)
	at java.base/java.lang.reflect.Method.invoke(Method.java:568)
	at org.testng.internal.invokers.MethodInvocationHelper.invokeMethod(MethodInvocationHelper.java:139)
	at org.testng.internal.invokers.TestInvoker.invokeMethod(TestInvoker.java:677)
	at org.testng.internal.invokers.TestInvoker.invokeTestMethod(TestInvoker.java:221)
	at org.testng.internal.invokers.MethodRunner.runInSequence(MethodRunner.java:50)
	at org.testng.internal.invokers.TestInvoker$MethodInvocationAgent.invoke(TestInvoker.java:969)
	at org.testng.internal.invokers.TestInvoker.invokeTestMethods(TestInvoker.java:194)
	at org.testng.internal.invokers.TestMethodWorker.invokeTestMethods(TestMethodWorker.java:148)
	at org.testng.internal.invokers.TestMethodWorker.run(TestMethodWorker.java:128)
	at java.base/java.util.ArrayList.forEach(ArrayList.java:1511)
	at org.testng.TestRunner.privateRun(TestRunner.java:829)
	at org.testng.TestRunner.run(TestRunner.java:602)
	at org.testng.SuiteRunner.runTest(SuiteRunner.java:437)
	at org.testng.SuiteRunner.runSequentially(SuiteRunner.java:431)
	at org.testng.SuiteRunner.privateRun(SuiteRunner.java:391)
	at org.testng.SuiteRunner.run(SuiteRunner.java:330)
	at org.testng.SuiteRunnerWorker.runSuite(SuiteRunnerWorker.java:52)
	at org.testng.SuiteRunnerWorker.run(SuiteRunnerWorker.java:95)
	at org.testng.TestNG.runSuitesSequentially(TestNG.java:1256)
	at org.testng.TestNG.runSuitesLocally(TestNG.java:1176)
	at org.testng.TestNG.runSuites(TestNG.java:1099)
	at org.testng.TestNG.run(TestNG.java:1067)
	at org.testng.remote.AbstractRemoteTestNG.run(AbstractRemoteTestNG.java:115)
	at org.testng.remote.RemoteTestNG.initAndRun(RemoteTestNG.java:251)
	at org.testng.remote.RemoteTestNG.main(RemoteTestNG.java:77)

</div> <!-- stack-trace -->
                  <em>
(This  test case verifies the login functionality of the application using the provided test data.)                  </em>
                </div> <!-- method-content -->
              </div> <!-- method -->
              <div class="method">
                <div class="method-content">
                  <a name="TC_001_VerifyLogin({Mobilenumber=8248606917, Username=vishaldel, Password=vishalde, Runmode=N, Project=jj_test, TC ID=T...)">
                  </a> <!-- TC_001_VerifyLogin({Mobilenumber=8248606917, Username=vishaldel, Password=vishalde, Runmode=N, Project=jj_test, TC ID=T...) -->
                  <span class="method-name">TC_001_VerifyLogin</span>
                  <span class="parameters">({Mobilenumber=8248606917, Username=vishaldel, Password=vishalde, Runmode=N, Project=jj_test, TC ID=TC_001},public static void Tests.LoginTest.TC_001_VerifyLogin(java.util.Hashtable,java.lang.reflect.Method) throws java.lang.Exception)</span>
                  <div class="stack-trace">org.testng.SkipException: Skipping the test case as the Run mode for data set is NO
	at Utilities.Utils.checkexecution(Utils.java:225)
	at Tests.LoginTest.TC_001_VerifyLogin(LoginTest.java:21)
	at java.base/jdk.internal.reflect.NativeMethodAccessorImpl.invoke0(Native Method)
	at java.base/jdk.internal.reflect.NativeMethodAccessorImpl.invoke(NativeMethodAccessorImpl.java:77)
	at java.base/jdk.internal.reflect.DelegatingMethodAccessorImpl.invoke(DelegatingMethodAccessorImpl.java:43)
	at java.base/java.lang.reflect.Method.invoke(Method.java:568)
	at org.testng.internal.invokers.MethodInvocationHelper.invokeMethod(MethodInvocationHelper.java:139)
	at org.testng.internal.invokers.TestInvoker.invokeMethod(TestInvoker.java:677)
	at org.testng.internal.invokers.TestInvoker.invokeTestMethod(TestInvoker.java:221)
	at org.testng.internal.invokers.MethodRunner.runInSequence(MethodRunner.java:50)
	at org.testng.internal.invokers.TestInvoker$MethodInvocationAgent.invoke(TestInvoker.java:969)
	at org.testng.internal.invokers.TestInvoker.invokeTestMethods(TestInvoker.java:194)
	at org.testng.internal.invokers.TestMethodWorker.invokeTestMethods(TestMethodWorker.java:148)
	at org.testng.internal.invokers.TestMethodWorker.run(TestMethodWorker.java:128)
	at java.base/java.util.ArrayList.forEach(ArrayList.java:1511)
	at org.testng.TestRunner.privateRun(TestRunner.java:829)
	at org.testng.TestRunner.run(TestRunner.java:602)
	at org.testng.SuiteRunner.runTest(SuiteRunner.java:437)
	at org.testng.SuiteRunner.runSequentially(SuiteRunner.java:431)
	at org.testng.SuiteRunner.privateRun(SuiteRunner.java:391)
	at org.testng.SuiteRunner.run(SuiteRunner.java:330)
	at org.testng.SuiteRunnerWorker.runSuite(SuiteRunnerWorker.java:52)
	at org.testng.SuiteRunnerWorker.run(SuiteRunnerWorker.java:95)
	at org.testng.TestNG.runSuitesSequentially(TestNG.java:1256)
	at org.testng.TestNG.runSuitesLocally(TestNG.java:1176)
	at org.testng.TestNG.runSuites(TestNG.java:1099)
	at org.testng.TestNG.run(TestNG.java:1067)
	at org.testng.remote.AbstractRemoteTestNG.run(AbstractRemoteTestNG.java:115)
	at org.testng.remote.RemoteTestNG.initAndRun(RemoteTestNG.java:251)
	at org.testng.remote.RemoteTestNG.main(RemoteTestNG.java:77)

</div> <!-- stack-trace -->
                  <em>
(This  test case verifies the login functionality of the application using the provided test data.)                  </em>
                </div> <!-- method-content -->
              </div> <!-- method -->
              <div class="method">
                <div class="method-content">
                  <a name="TC_001_VerifyLogin({Mobilenumber=8248606917, Username=vishaldel, Password=vishaldel, Runmode=N, Project=jj_tes, TC ID=T...)">
                  </a> <!-- TC_001_VerifyLogin({Mobilenumber=8248606917, Username=vishaldel, Password=vishaldel, Runmode=N, Project=jj_tes, TC ID=T...) -->
                  <span class="method-name">TC_001_VerifyLogin</span>
                  <span class="parameters">({Mobilenumber=8248606917, Username=vishaldel, Password=vishaldel, Runmode=N, Project=jj_tes, TC ID=TC_003},public static void Tests.LoginTest.TC_001_VerifyLogin(java.util.Hashtable,java.lang.reflect.Method) throws java.lang.Exception)</span>
                  <div class="stack-trace">org.testng.SkipException: Skipping the test case as the Run mode for data set is NO
	at Utilities.Utils.checkexecution(Utils.java:225)
	at Tests.LoginTest.TC_001_VerifyLogin(LoginTest.java:21)
	at java.base/jdk.internal.reflect.NativeMethodAccessorImpl.invoke0(Native Method)
	at java.base/jdk.internal.reflect.NativeMethodAccessorImpl.invoke(NativeMethodAccessorImpl.java:77)
	at java.base/jdk.internal.reflect.DelegatingMethodAccessorImpl.invoke(DelegatingMethodAccessorImpl.java:43)
	at java.base/java.lang.reflect.Method.invoke(Method.java:568)
	at org.testng.internal.invokers.MethodInvocationHelper.invokeMethod(MethodInvocationHelper.java:139)
	at org.testng.internal.invokers.TestInvoker.invokeMethod(TestInvoker.java:677)
	at org.testng.internal.invokers.TestInvoker.invokeTestMethod(TestInvoker.java:221)
	at org.testng.internal.invokers.MethodRunner.runInSequence(MethodRunner.java:50)
	at org.testng.internal.invokers.TestInvoker$MethodInvocationAgent.invoke(TestInvoker.java:969)
	at org.testng.internal.invokers.TestInvoker.invokeTestMethods(TestInvoker.java:194)
	at org.testng.internal.invokers.TestMethodWorker.invokeTestMethods(TestMethodWorker.java:148)
	at org.testng.internal.invokers.TestMethodWorker.run(TestMethodWorker.java:128)
	at java.base/java.util.ArrayList.forEach(ArrayList.java:1511)
	at org.testng.TestRunner.privateRun(TestRunner.java:829)
	at org.testng.TestRunner.run(TestRunner.java:602)
	at org.testng.SuiteRunner.runTest(SuiteRunner.java:437)
	at org.testng.SuiteRunner.runSequentially(SuiteRunner.java:431)
	at org.testng.SuiteRunner.privateRun(SuiteRunner.java:391)
	at org.testng.SuiteRunner.run(SuiteRunner.java:330)
	at org.testng.SuiteRunnerWorker.runSuite(SuiteRunnerWorker.java:52)
	at org.testng.SuiteRunnerWorker.run(SuiteRunnerWorker.java:95)
	at org.testng.TestNG.runSuitesSequentially(TestNG.java:1256)
	at org.testng.TestNG.runSuitesLocally(TestNG.java:1176)
	at org.testng.TestNG.runSuites(TestNG.java:1099)
	at org.testng.TestNG.run(TestNG.java:1067)
	at org.testng.remote.AbstractRemoteTestNG.run(AbstractRemoteTestNG.java:115)
	at org.testng.remote.RemoteTestNG.initAndRun(RemoteTestNG.java:251)
	at org.testng.remote.RemoteTestNG.main(RemoteTestNG.java:77)

</div> <!-- stack-trace -->
                  <em>
(This  test case verifies the login functionality of the application using the provided test data.)                  </em>
                </div> <!-- method-content -->
              </div> <!-- method -->
              <div class="method">
                <div class="method-content">
                  <a name="TC_001_VerifyLogin({Mobilenumber=8248606917, Username=vishalde, Password=vishalde, Runmode=N, Project=jj_tes, TC ID=TC_...)">
                  </a> <!-- TC_001_VerifyLogin({Mobilenumber=8248606917, Username=vishalde, Password=vishalde, Runmode=N, Project=jj_tes, TC ID=TC_...) -->
                  <span class="method-name">TC_001_VerifyLogin</span>
                  <span class="parameters">({Mobilenumber=8248606917, Username=vishalde, Password=vishalde, Runmode=N, Project=jj_tes, TC ID=TC_004},public static void Tests.LoginTest.TC_001_VerifyLogin(java.util.Hashtable,java.lang.reflect.Method) throws java.lang.Exception)</span>
                  <div class="stack-trace">org.testng.SkipException: Skipping the test case as the Run mode for data set is NO
	at Utilities.Utils.checkexecution(Utils.java:225)
	at Tests.LoginTest.TC_001_VerifyLogin(LoginTest.java:21)
	at java.base/jdk.internal.reflect.NativeMethodAccessorImpl.invoke0(Native Method)
	at java.base/jdk.internal.reflect.NativeMethodAccessorImpl.invoke(NativeMethodAccessorImpl.java:77)
	at java.base/jdk.internal.reflect.DelegatingMethodAccessorImpl.invoke(DelegatingMethodAccessorImpl.java:43)
	at java.base/java.lang.reflect.Method.invoke(Method.java:568)
	at org.testng.internal.invokers.MethodInvocationHelper.invokeMethod(MethodInvocationHelper.java:139)
	at org.testng.internal.invokers.TestInvoker.invokeMethod(TestInvoker.java:677)
	at org.testng.internal.invokers.TestInvoker.invokeTestMethod(TestInvoker.java:221)
	at org.testng.internal.invokers.MethodRunner.runInSequence(MethodRunner.java:50)
	at org.testng.internal.invokers.TestInvoker$MethodInvocationAgent.invoke(TestInvoker.java:969)
	at org.testng.internal.invokers.TestInvoker.invokeTestMethods(TestInvoker.java:194)
	at org.testng.internal.invokers.TestMethodWorker.invokeTestMethods(TestMethodWorker.java:148)
	at org.testng.internal.invokers.TestMethodWorker.run(TestMethodWorker.java:128)
	at java.base/java.util.ArrayList.forEach(ArrayList.java:1511)
	at org.testng.TestRunner.privateRun(TestRunner.java:829)
	at org.testng.TestRunner.run(TestRunner.java:602)
	at org.testng.SuiteRunner.runTest(SuiteRunner.java:437)
	at org.testng.SuiteRunner.runSequentially(SuiteRunner.java:431)
	at org.testng.SuiteRunner.privateRun(SuiteRunner.java:391)
	at org.testng.SuiteRunner.run(SuiteRunner.java:330)
	at org.testng.SuiteRunnerWorker.runSuite(SuiteRunnerWorker.java:52)
	at org.testng.SuiteRunnerWorker.run(SuiteRunnerWorker.java:95)
	at org.testng.TestNG.runSuitesSequentially(TestNG.java:1256)
	at org.testng.TestNG.runSuitesLocally(TestNG.java:1176)
	at org.testng.TestNG.runSuites(TestNG.java:1099)
	at org.testng.TestNG.run(TestNG.java:1067)
	at org.testng.remote.AbstractRemoteTestNG.run(AbstractRemoteTestNG.java:115)
	at org.testng.remote.RemoteTestNG.initAndRun(RemoteTestNG.java:251)
	at org.testng.remote.RemoteTestNG.main(RemoteTestNG.java:77)

</div> <!-- stack-trace -->
                  <em>
(This  test case verifies the login functionality of the application using the provided test data.)                  </em>
                </div> <!-- method-content -->
              </div> <!-- method -->
              <div class="method">
                <div class="method-content">
                  <a name="TC_001_VerifyLogin({Mobilenumber=, Username=vishaldel, Password=vishaldel, Runmode=N, Project=jj_test, TC ID=TC_008}, p...)">
                  </a> <!-- TC_001_VerifyLogin({Mobilenumber=, Username=vishaldel, Password=vishaldel, Runmode=N, Project=jj_test, TC ID=TC_008}, p...) -->
                  <span class="method-name">TC_001_VerifyLogin</span>
                  <span class="parameters">({Mobilenumber=, Username=vishaldel, Password=vishaldel, Runmode=N, Project=jj_test, TC ID=TC_008},public static void Tests.LoginTest.TC_001_VerifyLogin(java.util.Hashtable,java.lang.reflect.Method) throws java.lang.Exception)</span>
                  <div class="stack-trace">org.testng.SkipException: Skipping the test case as the Run mode for data set is NO
	at Utilities.Utils.checkexecution(Utils.java:225)
	at Tests.LoginTest.TC_001_VerifyLogin(LoginTest.java:21)
	at java.base/jdk.internal.reflect.NativeMethodAccessorImpl.invoke0(Native Method)
	at java.base/jdk.internal.reflect.NativeMethodAccessorImpl.invoke(NativeMethodAccessorImpl.java:77)
	at java.base/jdk.internal.reflect.DelegatingMethodAccessorImpl.invoke(DelegatingMethodAccessorImpl.java:43)
	at java.base/java.lang.reflect.Method.invoke(Method.java:568)
	at org.testng.internal.invokers.MethodInvocationHelper.invokeMethod(MethodInvocationHelper.java:139)
	at org.testng.internal.invokers.TestInvoker.invokeMethod(TestInvoker.java:677)
	at org.testng.internal.invokers.TestInvoker.invokeTestMethod(TestInvoker.java:221)
	at org.testng.internal.invokers.MethodRunner.runInSequence(MethodRunner.java:50)
	at org.testng.internal.invokers.TestInvoker$MethodInvocationAgent.invoke(TestInvoker.java:969)
	at org.testng.internal.invokers.TestInvoker.invokeTestMethods(TestInvoker.java:194)
	at org.testng.internal.invokers.TestMethodWorker.invokeTestMethods(TestMethodWorker.java:148)
	at org.testng.internal.invokers.TestMethodWorker.run(TestMethodWorker.java:128)
	at java.base/java.util.ArrayList.forEach(ArrayList.java:1511)
	at org.testng.TestRunner.privateRun(TestRunner.java:829)
	at org.testng.TestRunner.run(TestRunner.java:602)
	at org.testng.SuiteRunner.runTest(SuiteRunner.java:437)
	at org.testng.SuiteRunner.runSequentially(SuiteRunner.java:431)
	at org.testng.SuiteRunner.privateRun(SuiteRunner.java:391)
	at org.testng.SuiteRunner.run(SuiteRunner.java:330)
	at org.testng.SuiteRunnerWorker.runSuite(SuiteRunnerWorker.java:52)
	at org.testng.SuiteRunnerWorker.run(SuiteRunnerWorker.java:95)
	at org.testng.TestNG.runSuitesSequentially(TestNG.java:1256)
	at org.testng.TestNG.runSuitesLocally(TestNG.java:1176)
	at org.testng.TestNG.runSuites(TestNG.java:1099)
	at org.testng.TestNG.run(TestNG.java:1067)
	at org.testng.remote.AbstractRemoteTestNG.run(AbstractRemoteTestNG.java:115)
	at org.testng.remote.RemoteTestNG.initAndRun(RemoteTestNG.java:251)
	at org.testng.remote.RemoteTestNG.main(RemoteTestNG.java:77)

</div> <!-- stack-trace -->
                  <em>
(This  test case verifies the login functionality of the application using the provided test data.)                  </em>
                </div> <!-- method-content -->
              </div> <!-- method -->
              <div class="method">
                <div class="method-content">
                  <a name="TC_001_VerifyLogin({Mobilenumber=8248606917, Username=vishaldel, Password=, Runmode=N, Project=jj_test, TC ID=TC_006}, ...)">
                  </a> <!-- TC_001_VerifyLogin({Mobilenumber=8248606917, Username=vishaldel, Password=, Runmode=N, Project=jj_test, TC ID=TC_006}, ...) -->
                  <span class="method-name">TC_001_VerifyLogin</span>
                  <span class="parameters">({Mobilenumber=8248606917, Username=vishaldel, Password=, Runmode=N, Project=jj_test, TC ID=TC_006},public static void Tests.LoginTest.TC_001_VerifyLogin(java.util.Hashtable,java.lang.reflect.Method) throws java.lang.Exception)</span>
                  <div class="stack-trace">org.testng.SkipException: Skipping the test case as the Run mode for data set is NO
	at Utilities.Utils.checkexecution(Utils.java:225)
	at Tests.LoginTest.TC_001_VerifyLogin(LoginTest.java:21)
	at java.base/jdk.internal.reflect.NativeMethodAccessorImpl.invoke0(Native Method)
	at java.base/jdk.internal.reflect.NativeMethodAccessorImpl.invoke(NativeMethodAccessorImpl.java:77)
	at java.base/jdk.internal.reflect.DelegatingMethodAccessorImpl.invoke(DelegatingMethodAccessorImpl.java:43)
	at java.base/java.lang.reflect.Method.invoke(Method.java:568)
	at org.testng.internal.invokers.MethodInvocationHelper.invokeMethod(MethodInvocationHelper.java:139)
	at org.testng.internal.invokers.TestInvoker.invokeMethod(TestInvoker.java:677)
	at org.testng.internal.invokers.TestInvoker.invokeTestMethod(TestInvoker.java:221)
	at org.testng.internal.invokers.MethodRunner.runInSequence(MethodRunner.java:50)
	at org.testng.internal.invokers.TestInvoker$MethodInvocationAgent.invoke(TestInvoker.java:969)
	at org.testng.internal.invokers.TestInvoker.invokeTestMethods(TestInvoker.java:194)
	at org.testng.internal.invokers.TestMethodWorker.invokeTestMethods(TestMethodWorker.java:148)
	at org.testng.internal.invokers.TestMethodWorker.run(TestMethodWorker.java:128)
	at java.base/java.util.ArrayList.forEach(ArrayList.java:1511)
	at org.testng.TestRunner.privateRun(TestRunner.java:829)
	at org.testng.TestRunner.run(TestRunner.java:602)
	at org.testng.SuiteRunner.runTest(SuiteRunner.java:437)
	at org.testng.SuiteRunner.runSequentially(SuiteRunner.java:431)
	at org.testng.SuiteRunner.privateRun(SuiteRunner.java:391)
	at org.testng.SuiteRunner.run(SuiteRunner.java:330)
	at org.testng.SuiteRunnerWorker.runSuite(SuiteRunnerWorker.java:52)
	at org.testng.SuiteRunnerWorker.run(SuiteRunnerWorker.java:95)
	at org.testng.TestNG.runSuitesSequentially(TestNG.java:1256)
	at org.testng.TestNG.runSuitesLocally(TestNG.java:1176)
	at org.testng.TestNG.runSuites(TestNG.java:1099)
	at org.testng.TestNG.run(TestNG.java:1067)
	at org.testng.remote.AbstractRemoteTestNG.run(AbstractRemoteTestNG.java:115)
	at org.testng.remote.RemoteTestNG.initAndRun(RemoteTestNG.java:251)
	at org.testng.remote.RemoteTestNG.main(RemoteTestNG.java:77)

</div> <!-- stack-trace -->
                  <em>
(This  test case verifies the login functionality of the application using the provided test data.)                  </em>
                </div> <!-- method-content -->
              </div> <!-- method -->
              <div class="method">
                <div class="method-content">
                  <a name="TC_002_Verify_AppVersion({Runmode=Y, Version=V 3.1.3, TC ID=TC_012}, public static void Tests.LoginTest.TC_002_Verify_AppVers...)">
                  </a> <!-- TC_002_Verify_AppVersion({Runmode=Y, Version=V 3.1.3, TC ID=TC_012}, public static void Tests.LoginTest.TC_002_Verify_AppVers...) -->
                  <span class="method-name">TC_002_Verify_AppVersion</span>
                  <span class="parameters">({Runmode=Y, Version=V 3.1.3, TC ID=TC_012},public static void Tests.LoginTest.TC_002_Verify_AppVersion(java.util.Hashtable,java.lang.reflect.Method) throws java.lang.Exception)</span>
                  <div class="stack-trace">org.testng.SkipException: Skipping the test TC_002_VERIFY_APPVERSION as the Run mode is NO
	at Utilities.Utils.checkexecution(Utils.java:220)
	at Tests.LoginTest.TC_002_Verify_AppVersion(LoginTest.java:29)
	at java.base/jdk.internal.reflect.NativeMethodAccessorImpl.invoke0(Native Method)
	at java.base/jdk.internal.reflect.NativeMethodAccessorImpl.invoke(NativeMethodAccessorImpl.java:77)
	at java.base/jdk.internal.reflect.DelegatingMethodAccessorImpl.invoke(DelegatingMethodAccessorImpl.java:43)
	at java.base/java.lang.reflect.Method.invoke(Method.java:568)
	at org.testng.internal.invokers.MethodInvocationHelper.invokeMethod(MethodInvocationHelper.java:139)
	at org.testng.internal.invokers.TestInvoker.invokeMethod(TestInvoker.java:677)
	at org.testng.internal.invokers.TestInvoker.invokeTestMethod(TestInvoker.java:221)
	at org.testng.internal.invokers.MethodRunner.runInSequence(MethodRunner.java:50)
	at org.testng.internal.invokers.TestInvoker$MethodInvocationAgent.invoke(TestInvoker.java:969)
	at org.testng.internal.invokers.TestInvoker.invokeTestMethods(TestInvoker.java:194)
	at org.testng.internal.invokers.TestMethodWorker.invokeTestMethods(TestMethodWorker.java:148)
	at org.testng.internal.invokers.TestMethodWorker.run(TestMethodWorker.java:128)
	at java.base/java.util.ArrayList.forEach(ArrayList.java:1511)
	at org.testng.TestRunner.privateRun(TestRunner.java:829)
	at org.testng.TestRunner.run(TestRunner.java:602)
	at org.testng.SuiteRunner.runTest(SuiteRunner.java:437)
	at org.testng.SuiteRunner.runSequentially(SuiteRunner.java:431)
	at org.testng.SuiteRunner.privateRun(SuiteRunner.java:391)
	at org.testng.SuiteRunner.run(SuiteRunner.java:330)
	at org.testng.SuiteRunnerWorker.runSuite(SuiteRunnerWorker.java:52)
	at org.testng.SuiteRunnerWorker.run(SuiteRunnerWorker.java:95)
	at org.testng.TestNG.runSuitesSequentially(TestNG.java:1256)
	at org.testng.TestNG.runSuitesLocally(TestNG.java:1176)
	at org.testng.TestNG.runSuites(TestNG.java:1099)
	at org.testng.TestNG.run(TestNG.java:1067)
	at org.testng.remote.AbstractRemoteTestNG.run(AbstractRemoteTestNG.java:115)
	at org.testng.remote.RemoteTestNG.initAndRun(RemoteTestNG.java:251)
	at org.testng.remote.RemoteTestNG.main(RemoteTestNG.java:77)

</div> <!-- stack-trace -->
                  <em>
(This  test case verifies the version of the application.)                  </em>
                </div> <!-- method-content -->
              </div> <!-- method -->
            </div> <!-- main-panel-content rounded-window-bottom -->
          </div> <!-- suite-Smoke-class-skipped -->
          <div class="suite-Smoke-class-skipped">
            <div class="main-panel-header rounded-window-top">
              <img src="skipped.png"/>
              <span class="class-name">Tests.AttendanceTest</span>
            </div> <!-- main-panel-header rounded-window-top -->
            <div class="main-panel-content rounded-window-bottom">
              <div class="method">
                <div class="method-content">
                  <a name="TC_001_VerifyAttendance({Runmode=Y, Image Required=true, Attendancetype=Present, TC ID=TC_004}, public static void Tests.Att...)">
                  </a> <!-- TC_001_VerifyAttendance({Runmode=Y, Image Required=true, Attendancetype=Present, TC ID=TC_004}, public static void Tests.Att...) -->
                  <span class="method-name">TC_001_VerifyAttendance</span>
                  <span class="parameters">({Runmode=Y, Image Required=true, Attendancetype=Present, TC ID=TC_004},public static void Tests.AttendanceTest.TC_001_VerifyAttendance(java.util.Hashtable,java.lang.reflect.Method) throws java.lang.Exception)</span>
                  <div class="stack-trace">org.testng.SkipException: Skipping the test TC_001_VERIFYATTENDANCE as the Run mode is NO
	at Utilities.Utils.checkexecution(Utils.java:220)
	at Tests.AttendanceTest.TC_001_VerifyAttendance(AttendanceTest.java:19)
	at java.base/jdk.internal.reflect.NativeMethodAccessorImpl.invoke0(Native Method)
	at java.base/jdk.internal.reflect.NativeMethodAccessorImpl.invoke(NativeMethodAccessorImpl.java:77)
	at java.base/jdk.internal.reflect.DelegatingMethodAccessorImpl.invoke(DelegatingMethodAccessorImpl.java:43)
	at java.base/java.lang.reflect.Method.invoke(Method.java:568)
	at org.testng.internal.invokers.MethodInvocationHelper.invokeMethod(MethodInvocationHelper.java:139)
	at org.testng.internal.invokers.TestInvoker.invokeMethod(TestInvoker.java:677)
	at org.testng.internal.invokers.TestInvoker.invokeTestMethod(TestInvoker.java:221)
	at org.testng.internal.invokers.MethodRunner.runInSequence(MethodRunner.java:50)
	at org.testng.internal.invokers.TestInvoker$MethodInvocationAgent.invoke(TestInvoker.java:969)
	at org.testng.internal.invokers.TestInvoker.invokeTestMethods(TestInvoker.java:194)
	at org.testng.internal.invokers.TestMethodWorker.invokeTestMethods(TestMethodWorker.java:148)
	at org.testng.internal.invokers.TestMethodWorker.run(TestMethodWorker.java:128)
	at java.base/java.util.ArrayList.forEach(ArrayList.java:1511)
	at org.testng.TestRunner.privateRun(TestRunner.java:829)
	at org.testng.TestRunner.run(TestRunner.java:602)
	at org.testng.SuiteRunner.runTest(SuiteRunner.java:437)
	at org.testng.SuiteRunner.runSequentially(SuiteRunner.java:431)
	at org.testng.SuiteRunner.privateRun(SuiteRunner.java:391)
	at org.testng.SuiteRunner.run(SuiteRunner.java:330)
	at org.testng.SuiteRunnerWorker.runSuite(SuiteRunnerWorker.java:52)
	at org.testng.SuiteRunnerWorker.run(SuiteRunnerWorker.java:95)
	at org.testng.TestNG.runSuitesSequentially(TestNG.java:1256)
	at org.testng.TestNG.runSuitesLocally(TestNG.java:1176)
	at org.testng.TestNG.runSuites(TestNG.java:1099)
	at org.testng.TestNG.run(TestNG.java:1067)
	at org.testng.remote.AbstractRemoteTestNG.run(AbstractRemoteTestNG.java:115)
	at org.testng.remote.RemoteTestNG.initAndRun(RemoteTestNG.java:251)
	at org.testng.remote.RemoteTestNG.main(RemoteTestNG.java:77)

</div> <!-- stack-trace -->
                  <em>
(This  test case verifies the Attendance is submit or not)                  </em>
                </div> <!-- method-content -->
              </div> <!-- method -->
              <div class="method">
                <div class="method-content">
                  <a name="TC_002_VerifyImagerequired({Runmode=Y, Attendancetype=Leave, TC ID=TC_003}, public static void Tests.AttendanceTest.TC_002_Veri...)">
                  </a> <!-- TC_002_VerifyImagerequired({Runmode=Y, Attendancetype=Leave, TC ID=TC_003}, public static void Tests.AttendanceTest.TC_002_Veri...) -->
                  <span class="method-name">TC_002_VerifyImagerequired</span>
                  <span class="parameters">({Runmode=Y, Attendancetype=Leave, TC ID=TC_003},public static void Tests.AttendanceTest.TC_002_VerifyImagerequired(java.util.Hashtable,java.lang.reflect.Method) throws java.lang.Exception)</span>
                  <div class="stack-trace">org.testng.SkipException: Skipping the test TC_002_VERIFYIMAGEREQUIRED as the Run mode is NO
	at Utilities.Utils.checkexecution(Utils.java:220)
	at Tests.AttendanceTest.TC_002_VerifyImagerequired(AttendanceTest.java:27)
	at java.base/jdk.internal.reflect.NativeMethodAccessorImpl.invoke0(Native Method)
	at java.base/jdk.internal.reflect.NativeMethodAccessorImpl.invoke(NativeMethodAccessorImpl.java:77)
	at java.base/jdk.internal.reflect.DelegatingMethodAccessorImpl.invoke(DelegatingMethodAccessorImpl.java:43)
	at java.base/java.lang.reflect.Method.invoke(Method.java:568)
	at org.testng.internal.invokers.MethodInvocationHelper.invokeMethod(MethodInvocationHelper.java:139)
	at org.testng.internal.invokers.TestInvoker.invokeMethod(TestInvoker.java:677)
	at org.testng.internal.invokers.TestInvoker.invokeTestMethod(TestInvoker.java:221)
	at org.testng.internal.invokers.MethodRunner.runInSequence(MethodRunner.java:50)
	at org.testng.internal.invokers.TestInvoker$MethodInvocationAgent.invoke(TestInvoker.java:969)
	at org.testng.internal.invokers.TestInvoker.invokeTestMethods(TestInvoker.java:194)
	at org.testng.internal.invokers.TestMethodWorker.invokeTestMethods(TestMethodWorker.java:148)
	at org.testng.internal.invokers.TestMethodWorker.run(TestMethodWorker.java:128)
	at java.base/java.util.ArrayList.forEach(ArrayList.java:1511)
	at org.testng.TestRunner.privateRun(TestRunner.java:829)
	at org.testng.TestRunner.run(TestRunner.java:602)
	at org.testng.SuiteRunner.runTest(SuiteRunner.java:437)
	at org.testng.SuiteRunner.runSequentially(SuiteRunner.java:431)
	at org.testng.SuiteRunner.privateRun(SuiteRunner.java:391)
	at org.testng.SuiteRunner.run(SuiteRunner.java:330)
	at org.testng.SuiteRunnerWorker.runSuite(SuiteRunnerWorker.java:52)
	at org.testng.SuiteRunnerWorker.run(SuiteRunnerWorker.java:95)
	at org.testng.TestNG.runSuitesSequentially(TestNG.java:1256)
	at org.testng.TestNG.runSuitesLocally(TestNG.java:1176)
	at org.testng.TestNG.runSuites(TestNG.java:1099)
	at org.testng.TestNG.run(TestNG.java:1067)
	at org.testng.remote.AbstractRemoteTestNG.run(AbstractRemoteTestNG.java:115)
	at org.testng.remote.RemoteTestNG.initAndRun(RemoteTestNG.java:251)
	at org.testng.remote.RemoteTestNG.main(RemoteTestNG.java:77)

</div> <!-- stack-trace -->
                  <em>
(This  test case verifies the attendance images is mandatory or not for each types)                  </em>
                </div> <!-- method-content -->
              </div> <!-- method -->
              <div class="method">
                <div class="method-content">
                  <a name="TC_002_VerifyImagerequired({Runmode=Y, Attendancetype=Absent, TC ID=TC_003}, public static void Tests.AttendanceTest.TC_002_Ver...)">
                  </a> <!-- TC_002_VerifyImagerequired({Runmode=Y, Attendancetype=Absent, TC ID=TC_003}, public static void Tests.AttendanceTest.TC_002_Ver...) -->
                  <span class="method-name">TC_002_VerifyImagerequired</span>
                  <span class="parameters">({Runmode=Y, Attendancetype=Absent, TC ID=TC_003},public static void Tests.AttendanceTest.TC_002_VerifyImagerequired(java.util.Hashtable,java.lang.reflect.Method) throws java.lang.Exception)</span>
                  <div class="stack-trace">org.testng.SkipException: Skipping the test TC_002_VERIFYIMAGEREQUIRED as the Run mode is NO
	at Utilities.Utils.checkexecution(Utils.java:220)
	at Tests.AttendanceTest.TC_002_VerifyImagerequired(AttendanceTest.java:27)
	at java.base/jdk.internal.reflect.NativeMethodAccessorImpl.invoke0(Native Method)
	at java.base/jdk.internal.reflect.NativeMethodAccessorImpl.invoke(NativeMethodAccessorImpl.java:77)
	at java.base/jdk.internal.reflect.DelegatingMethodAccessorImpl.invoke(DelegatingMethodAccessorImpl.java:43)
	at java.base/java.lang.reflect.Method.invoke(Method.java:568)
	at org.testng.internal.invokers.MethodInvocationHelper.invokeMethod(MethodInvocationHelper.java:139)
	at org.testng.internal.invokers.TestInvoker.invokeMethod(TestInvoker.java:677)
	at org.testng.internal.invokers.TestInvoker.invokeTestMethod(TestInvoker.java:221)
	at org.testng.internal.invokers.MethodRunner.runInSequence(MethodRunner.java:50)
	at org.testng.internal.invokers.TestInvoker$MethodInvocationAgent.invoke(TestInvoker.java:969)
	at org.testng.internal.invokers.TestInvoker.invokeTestMethods(TestInvoker.java:194)
	at org.testng.internal.invokers.TestMethodWorker.invokeTestMethods(TestMethodWorker.java:148)
	at org.testng.internal.invokers.TestMethodWorker.run(TestMethodWorker.java:128)
	at java.base/java.util.ArrayList.forEach(ArrayList.java:1511)
	at org.testng.TestRunner.privateRun(TestRunner.java:829)
	at org.testng.TestRunner.run(TestRunner.java:602)
	at org.testng.SuiteRunner.runTest(SuiteRunner.java:437)
	at org.testng.SuiteRunner.runSequentially(SuiteRunner.java:431)
	at org.testng.SuiteRunner.privateRun(SuiteRunner.java:391)
	at org.testng.SuiteRunner.run(SuiteRunner.java:330)
	at org.testng.SuiteRunnerWorker.runSuite(SuiteRunnerWorker.java:52)
	at org.testng.SuiteRunnerWorker.run(SuiteRunnerWorker.java:95)
	at org.testng.TestNG.runSuitesSequentially(TestNG.java:1256)
	at org.testng.TestNG.runSuitesLocally(TestNG.java:1176)
	at org.testng.TestNG.runSuites(TestNG.java:1099)
	at org.testng.TestNG.run(TestNG.java:1067)
	at org.testng.remote.AbstractRemoteTestNG.run(AbstractRemoteTestNG.java:115)
	at org.testng.remote.RemoteTestNG.initAndRun(RemoteTestNG.java:251)
	at org.testng.remote.RemoteTestNG.main(RemoteTestNG.java:77)

</div> <!-- stack-trace -->
                  <em>
(This  test case verifies the attendance images is mandatory or not for each types)                  </em>
                </div> <!-- method-content -->
              </div> <!-- method -->
              <div class="method">
                <div class="method-content">
                  <a name="TC_002_VerifyImagerequired({Runmode=Y, Attendancetype=Present, TC ID=TC_003}, public static void Tests.AttendanceTest.TC_002_Ve...)">
                  </a> <!-- TC_002_VerifyImagerequired({Runmode=Y, Attendancetype=Present, TC ID=TC_003}, public static void Tests.AttendanceTest.TC_002_Ve...) -->
                  <span class="method-name">TC_002_VerifyImagerequired</span>
                  <span class="parameters">({Runmode=Y, Attendancetype=Present, TC ID=TC_003},public static void Tests.AttendanceTest.TC_002_VerifyImagerequired(java.util.Hashtable,java.lang.reflect.Method) throws java.lang.Exception)</span>
                  <div class="stack-trace">org.testng.SkipException: Skipping the test TC_002_VERIFYIMAGEREQUIRED as the Run mode is NO
	at Utilities.Utils.checkexecution(Utils.java:220)
	at Tests.AttendanceTest.TC_002_VerifyImagerequired(AttendanceTest.java:27)
	at java.base/jdk.internal.reflect.NativeMethodAccessorImpl.invoke0(Native Method)
	at java.base/jdk.internal.reflect.NativeMethodAccessorImpl.invoke(NativeMethodAccessorImpl.java:77)
	at java.base/jdk.internal.reflect.DelegatingMethodAccessorImpl.invoke(DelegatingMethodAccessorImpl.java:43)
	at java.base/java.lang.reflect.Method.invoke(Method.java:568)
	at org.testng.internal.invokers.MethodInvocationHelper.invokeMethod(MethodInvocationHelper.java:139)
	at org.testng.internal.invokers.TestInvoker.invokeMethod(TestInvoker.java:677)
	at org.testng.internal.invokers.TestInvoker.invokeTestMethod(TestInvoker.java:221)
	at org.testng.internal.invokers.MethodRunner.runInSequence(MethodRunner.java:50)
	at org.testng.internal.invokers.TestInvoker$MethodInvocationAgent.invoke(TestInvoker.java:969)
	at org.testng.internal.invokers.TestInvoker.invokeTestMethods(TestInvoker.java:194)
	at org.testng.internal.invokers.TestMethodWorker.invokeTestMethods(TestMethodWorker.java:148)
	at org.testng.internal.invokers.TestMethodWorker.run(TestMethodWorker.java:128)
	at java.base/java.util.ArrayList.forEach(ArrayList.java:1511)
	at org.testng.TestRunner.privateRun(TestRunner.java:829)
	at org.testng.TestRunner.run(TestRunner.java:602)
	at org.testng.SuiteRunner.runTest(SuiteRunner.java:437)
	at org.testng.SuiteRunner.runSequentially(SuiteRunner.java:431)
	at org.testng.SuiteRunner.privateRun(SuiteRunner.java:391)
	at org.testng.SuiteRunner.run(SuiteRunner.java:330)
	at org.testng.SuiteRunnerWorker.runSuite(SuiteRunnerWorker.java:52)
	at org.testng.SuiteRunnerWorker.run(SuiteRunnerWorker.java:95)
	at org.testng.TestNG.runSuitesSequentially(TestNG.java:1256)
	at org.testng.TestNG.runSuitesLocally(TestNG.java:1176)
	at org.testng.TestNG.runSuites(TestNG.java:1099)
	at org.testng.TestNG.run(TestNG.java:1067)
	at org.testng.remote.AbstractRemoteTestNG.run(AbstractRemoteTestNG.java:115)
	at org.testng.remote.RemoteTestNG.initAndRun(RemoteTestNG.java:251)
	at org.testng.remote.RemoteTestNG.main(RemoteTestNG.java:77)

</div> <!-- stack-trace -->
                  <em>
(This  test case verifies the attendance images is mandatory or not for each types)                  </em>
                </div> <!-- method-content -->
              </div> <!-- method -->
              <div class="method">
                <div class="method-content">
                  <a name="TC_002_VerifyImagerequired({Runmode=N, Attendancetype=Resign, TC ID=TC_003}, public static void Tests.AttendanceTest.TC_002_Ver...)">
                  </a> <!-- TC_002_VerifyImagerequired({Runmode=N, Attendancetype=Resign, TC ID=TC_003}, public static void Tests.AttendanceTest.TC_002_Ver...) -->
                  <span class="method-name">TC_002_VerifyImagerequired</span>
                  <span class="parameters">({Runmode=N, Attendancetype=Resign, TC ID=TC_003},public static void Tests.AttendanceTest.TC_002_VerifyImagerequired(java.util.Hashtable,java.lang.reflect.Method) throws java.lang.Exception)</span>
                  <div class="stack-trace">org.testng.SkipException: Skipping the test TC_002_VERIFYIMAGEREQUIRED as the Run mode is NO
	at Utilities.Utils.checkexecution(Utils.java:220)
	at Tests.AttendanceTest.TC_002_VerifyImagerequired(AttendanceTest.java:27)
	at java.base/jdk.internal.reflect.NativeMethodAccessorImpl.invoke0(Native Method)
	at java.base/jdk.internal.reflect.NativeMethodAccessorImpl.invoke(NativeMethodAccessorImpl.java:77)
	at java.base/jdk.internal.reflect.DelegatingMethodAccessorImpl.invoke(DelegatingMethodAccessorImpl.java:43)
	at java.base/java.lang.reflect.Method.invoke(Method.java:568)
	at org.testng.internal.invokers.MethodInvocationHelper.invokeMethod(MethodInvocationHelper.java:139)
	at org.testng.internal.invokers.TestInvoker.invokeMethod(TestInvoker.java:677)
	at org.testng.internal.invokers.TestInvoker.invokeTestMethod(TestInvoker.java:221)
	at org.testng.internal.invokers.MethodRunner.runInSequence(MethodRunner.java:50)
	at org.testng.internal.invokers.TestInvoker$MethodInvocationAgent.invoke(TestInvoker.java:969)
	at org.testng.internal.invokers.TestInvoker.invokeTestMethods(TestInvoker.java:194)
	at org.testng.internal.invokers.TestMethodWorker.invokeTestMethods(TestMethodWorker.java:148)
	at org.testng.internal.invokers.TestMethodWorker.run(TestMethodWorker.java:128)
	at java.base/java.util.ArrayList.forEach(ArrayList.java:1511)
	at org.testng.TestRunner.privateRun(TestRunner.java:829)
	at org.testng.TestRunner.run(TestRunner.java:602)
	at org.testng.SuiteRunner.runTest(SuiteRunner.java:437)
	at org.testng.SuiteRunner.runSequentially(SuiteRunner.java:431)
	at org.testng.SuiteRunner.privateRun(SuiteRunner.java:391)
	at org.testng.SuiteRunner.run(SuiteRunner.java:330)
	at org.testng.SuiteRunnerWorker.runSuite(SuiteRunnerWorker.java:52)
	at org.testng.SuiteRunnerWorker.run(SuiteRunnerWorker.java:95)
	at org.testng.TestNG.runSuitesSequentially(TestNG.java:1256)
	at org.testng.TestNG.runSuitesLocally(TestNG.java:1176)
	at org.testng.TestNG.runSuites(TestNG.java:1099)
	at org.testng.TestNG.run(TestNG.java:1067)
	at org.testng.remote.AbstractRemoteTestNG.run(AbstractRemoteTestNG.java:115)
	at org.testng.remote.RemoteTestNG.initAndRun(RemoteTestNG.java:251)
	at org.testng.remote.RemoteTestNG.main(RemoteTestNG.java:77)

</div> <!-- stack-trace -->
                  <em>
(This  test case verifies the attendance images is mandatory or not for each types)                  </em>
                </div> <!-- method-content -->
              </div> <!-- method -->
              <div class="method">
                <div class="method-content">
                  <a name="TC_002_VerifyImagerequired({Runmode=Y, Attendancetype=Holiday, TC ID=TC_003}, public static void Tests.AttendanceTest.TC_002_Ve...)">
                  </a> <!-- TC_002_VerifyImagerequired({Runmode=Y, Attendancetype=Holiday, TC ID=TC_003}, public static void Tests.AttendanceTest.TC_002_Ve...) -->
                  <span class="method-name">TC_002_VerifyImagerequired</span>
                  <span class="parameters">({Runmode=Y, Attendancetype=Holiday, TC ID=TC_003},public static void Tests.AttendanceTest.TC_002_VerifyImagerequired(java.util.Hashtable,java.lang.reflect.Method) throws java.lang.Exception)</span>
                  <div class="stack-trace">org.testng.SkipException: Skipping the test TC_002_VERIFYIMAGEREQUIRED as the Run mode is NO
	at Utilities.Utils.checkexecution(Utils.java:220)
	at Tests.AttendanceTest.TC_002_VerifyImagerequired(AttendanceTest.java:27)
	at java.base/jdk.internal.reflect.NativeMethodAccessorImpl.invoke0(Native Method)
	at java.base/jdk.internal.reflect.NativeMethodAccessorImpl.invoke(NativeMethodAccessorImpl.java:77)
	at java.base/jdk.internal.reflect.DelegatingMethodAccessorImpl.invoke(DelegatingMethodAccessorImpl.java:43)
	at java.base/java.lang.reflect.Method.invoke(Method.java:568)
	at org.testng.internal.invokers.MethodInvocationHelper.invokeMethod(MethodInvocationHelper.java:139)
	at org.testng.internal.invokers.TestInvoker.invokeMethod(TestInvoker.java:677)
	at org.testng.internal.invokers.TestInvoker.invokeTestMethod(TestInvoker.java:221)
	at org.testng.internal.invokers.MethodRunner.runInSequence(MethodRunner.java:50)
	at org.testng.internal.invokers.TestInvoker$MethodInvocationAgent.invoke(TestInvoker.java:969)
	at org.testng.internal.invokers.TestInvoker.invokeTestMethods(TestInvoker.java:194)
	at org.testng.internal.invokers.TestMethodWorker.invokeTestMethods(TestMethodWorker.java:148)
	at org.testng.internal.invokers.TestMethodWorker.run(TestMethodWorker.java:128)
	at java.base/java.util.ArrayList.forEach(ArrayList.java:1511)
	at org.testng.TestRunner.privateRun(TestRunner.java:829)
	at org.testng.TestRunner.run(TestRunner.java:602)
	at org.testng.SuiteRunner.runTest(SuiteRunner.java:437)
	at org.testng.SuiteRunner.runSequentially(SuiteRunner.java:431)
	at org.testng.SuiteRunner.privateRun(SuiteRunner.java:391)
	at org.testng.SuiteRunner.run(SuiteRunner.java:330)
	at org.testng.SuiteRunnerWorker.runSuite(SuiteRunnerWorker.java:52)
	at org.testng.SuiteRunnerWorker.run(SuiteRunnerWorker.java:95)
	at org.testng.TestNG.runSuitesSequentially(TestNG.java:1256)
	at org.testng.TestNG.runSuitesLocally(TestNG.java:1176)
	at org.testng.TestNG.runSuites(TestNG.java:1099)
	at org.testng.TestNG.run(TestNG.java:1067)
	at org.testng.remote.AbstractRemoteTestNG.run(AbstractRemoteTestNG.java:115)
	at org.testng.remote.RemoteTestNG.initAndRun(RemoteTestNG.java:251)
	at org.testng.remote.RemoteTestNG.main(RemoteTestNG.java:77)

</div> <!-- stack-trace -->
                  <em>
(This  test case verifies the attendance images is mandatory or not for each types)                  </em>
                </div> <!-- method-content -->
              </div> <!-- method -->
              <div class="method">
                <div class="method-content">
                  <a name="TC_002_VerifyImagerequired({Runmode=Y, Attendancetype=At Office, TC ID=TC_003}, public static void Tests.AttendanceTest.TC_002_...)">
                  </a> <!-- TC_002_VerifyImagerequired({Runmode=Y, Attendancetype=At Office, TC ID=TC_003}, public static void Tests.AttendanceTest.TC_002_...) -->
                  <span class="method-name">TC_002_VerifyImagerequired</span>
                  <span class="parameters">({Runmode=Y, Attendancetype=At Office, TC ID=TC_003},public static void Tests.AttendanceTest.TC_002_VerifyImagerequired(java.util.Hashtable,java.lang.reflect.Method) throws java.lang.Exception)</span>
                  <div class="stack-trace">org.testng.SkipException: Skipping the test TC_002_VERIFYIMAGEREQUIRED as the Run mode is NO
	at Utilities.Utils.checkexecution(Utils.java:220)
	at Tests.AttendanceTest.TC_002_VerifyImagerequired(AttendanceTest.java:27)
	at java.base/jdk.internal.reflect.NativeMethodAccessorImpl.invoke0(Native Method)
	at java.base/jdk.internal.reflect.NativeMethodAccessorImpl.invoke(NativeMethodAccessorImpl.java:77)
	at java.base/jdk.internal.reflect.DelegatingMethodAccessorImpl.invoke(DelegatingMethodAccessorImpl.java:43)
	at java.base/java.lang.reflect.Method.invoke(Method.java:568)
	at org.testng.internal.invokers.MethodInvocationHelper.invokeMethod(MethodInvocationHelper.java:139)
	at org.testng.internal.invokers.TestInvoker.invokeMethod(TestInvoker.java:677)
	at org.testng.internal.invokers.TestInvoker.invokeTestMethod(TestInvoker.java:221)
	at org.testng.internal.invokers.MethodRunner.runInSequence(MethodRunner.java:50)
	at org.testng.internal.invokers.TestInvoker$MethodInvocationAgent.invoke(TestInvoker.java:969)
	at org.testng.internal.invokers.TestInvoker.invokeTestMethods(TestInvoker.java:194)
	at org.testng.internal.invokers.TestMethodWorker.invokeTestMethods(TestMethodWorker.java:148)
	at org.testng.internal.invokers.TestMethodWorker.run(TestMethodWorker.java:128)
	at java.base/java.util.ArrayList.forEach(ArrayList.java:1511)
	at org.testng.TestRunner.privateRun(TestRunner.java:829)
	at org.testng.TestRunner.run(TestRunner.java:602)
	at org.testng.SuiteRunner.runTest(SuiteRunner.java:437)
	at org.testng.SuiteRunner.runSequentially(SuiteRunner.java:431)
	at org.testng.SuiteRunner.privateRun(SuiteRunner.java:391)
	at org.testng.SuiteRunner.run(SuiteRunner.java:330)
	at org.testng.SuiteRunnerWorker.runSuite(SuiteRunnerWorker.java:52)
	at org.testng.SuiteRunnerWorker.run(SuiteRunnerWorker.java:95)
	at org.testng.TestNG.runSuitesSequentially(TestNG.java:1256)
	at org.testng.TestNG.runSuitesLocally(TestNG.java:1176)
	at org.testng.TestNG.runSuites(TestNG.java:1099)
	at org.testng.TestNG.run(TestNG.java:1067)
	at org.testng.remote.AbstractRemoteTestNG.run(AbstractRemoteTestNG.java:115)
	at org.testng.remote.RemoteTestNG.initAndRun(RemoteTestNG.java:251)
	at org.testng.remote.RemoteTestNG.main(RemoteTestNG.java:77)

</div> <!-- stack-trace -->
                  <em>
(This  test case verifies the attendance images is mandatory or not for each types)                  </em>
                </div> <!-- method-content -->
              </div> <!-- method -->
              <div class="method">
                <div class="method-content">
                  <a name="TC_002_VerifyImagerequired({Runmode=Y, Attendancetype=Tour, TC ID=TC_003}, public static void Tests.AttendanceTest.TC_002_Verif...)">
                  </a> <!-- TC_002_VerifyImagerequired({Runmode=Y, Attendancetype=Tour, TC ID=TC_003}, public static void Tests.AttendanceTest.TC_002_Verif...) -->
                  <span class="method-name">TC_002_VerifyImagerequired</span>
                  <span class="parameters">({Runmode=Y, Attendancetype=Tour, TC ID=TC_003},public static void Tests.AttendanceTest.TC_002_VerifyImagerequired(java.util.Hashtable,java.lang.reflect.Method) throws java.lang.Exception)</span>
                  <div class="stack-trace">org.testng.SkipException: Skipping the test TC_002_VERIFYIMAGEREQUIRED as the Run mode is NO
	at Utilities.Utils.checkexecution(Utils.java:220)
	at Tests.AttendanceTest.TC_002_VerifyImagerequired(AttendanceTest.java:27)
	at java.base/jdk.internal.reflect.NativeMethodAccessorImpl.invoke0(Native Method)
	at java.base/jdk.internal.reflect.NativeMethodAccessorImpl.invoke(NativeMethodAccessorImpl.java:77)
	at java.base/jdk.internal.reflect.DelegatingMethodAccessorImpl.invoke(DelegatingMethodAccessorImpl.java:43)
	at java.base/java.lang.reflect.Method.invoke(Method.java:568)
	at org.testng.internal.invokers.MethodInvocationHelper.invokeMethod(MethodInvocationHelper.java:139)
	at org.testng.internal.invokers.TestInvoker.invokeMethod(TestInvoker.java:677)
	at org.testng.internal.invokers.TestInvoker.invokeTestMethod(TestInvoker.java:221)
	at org.testng.internal.invokers.MethodRunner.runInSequence(MethodRunner.java:50)
	at org.testng.internal.invokers.TestInvoker$MethodInvocationAgent.invoke(TestInvoker.java:969)
	at org.testng.internal.invokers.TestInvoker.invokeTestMethods(TestInvoker.java:194)
	at org.testng.internal.invokers.TestMethodWorker.invokeTestMethods(TestMethodWorker.java:148)
	at org.testng.internal.invokers.TestMethodWorker.run(TestMethodWorker.java:128)
	at java.base/java.util.ArrayList.forEach(ArrayList.java:1511)
	at org.testng.TestRunner.privateRun(TestRunner.java:829)
	at org.testng.TestRunner.run(TestRunner.java:602)
	at org.testng.SuiteRunner.runTest(SuiteRunner.java:437)
	at org.testng.SuiteRunner.runSequentially(SuiteRunner.java:431)
	at org.testng.SuiteRunner.privateRun(SuiteRunner.java:391)
	at org.testng.SuiteRunner.run(SuiteRunner.java:330)
	at org.testng.SuiteRunnerWorker.runSuite(SuiteRunnerWorker.java:52)
	at org.testng.SuiteRunnerWorker.run(SuiteRunnerWorker.java:95)
	at org.testng.TestNG.runSuitesSequentially(TestNG.java:1256)
	at org.testng.TestNG.runSuitesLocally(TestNG.java:1176)
	at org.testng.TestNG.runSuites(TestNG.java:1099)
	at org.testng.TestNG.run(TestNG.java:1067)
	at org.testng.remote.AbstractRemoteTestNG.run(AbstractRemoteTestNG.java:115)
	at org.testng.remote.RemoteTestNG.initAndRun(RemoteTestNG.java:251)
	at org.testng.remote.RemoteTestNG.main(RemoteTestNG.java:77)

</div> <!-- stack-trace -->
                  <em>
(This  test case verifies the attendance images is mandatory or not for each types)                  </em>
                </div> <!-- method-content -->
              </div> <!-- method -->
              <div class="method">
                <div class="method-content">
                  <a name="TC_002_VerifyImagerequired({Runmode=Y, Attendancetype=Week off, TC ID=TC_003}, public static void Tests.AttendanceTest.TC_002_V...)">
                  </a> <!-- TC_002_VerifyImagerequired({Runmode=Y, Attendancetype=Week off, TC ID=TC_003}, public static void Tests.AttendanceTest.TC_002_V...) -->
                  <span class="method-name">TC_002_VerifyImagerequired</span>
                  <span class="parameters">({Runmode=Y, Attendancetype=Week off, TC ID=TC_003},public static void Tests.AttendanceTest.TC_002_VerifyImagerequired(java.util.Hashtable,java.lang.reflect.Method) throws java.lang.Exception)</span>
                  <div class="stack-trace">org.testng.SkipException: Skipping the test TC_002_VERIFYIMAGEREQUIRED as the Run mode is NO
	at Utilities.Utils.checkexecution(Utils.java:220)
	at Tests.AttendanceTest.TC_002_VerifyImagerequired(AttendanceTest.java:27)
	at java.base/jdk.internal.reflect.NativeMethodAccessorImpl.invoke0(Native Method)
	at java.base/jdk.internal.reflect.NativeMethodAccessorImpl.invoke(NativeMethodAccessorImpl.java:77)
	at java.base/jdk.internal.reflect.DelegatingMethodAccessorImpl.invoke(DelegatingMethodAccessorImpl.java:43)
	at java.base/java.lang.reflect.Method.invoke(Method.java:568)
	at org.testng.internal.invokers.MethodInvocationHelper.invokeMethod(MethodInvocationHelper.java:139)
	at org.testng.internal.invokers.TestInvoker.invokeMethod(TestInvoker.java:677)
	at org.testng.internal.invokers.TestInvoker.invokeTestMethod(TestInvoker.java:221)
	at org.testng.internal.invokers.MethodRunner.runInSequence(MethodRunner.java:50)
	at org.testng.internal.invokers.TestInvoker$MethodInvocationAgent.invoke(TestInvoker.java:969)
	at org.testng.internal.invokers.TestInvoker.invokeTestMethods(TestInvoker.java:194)
	at org.testng.internal.invokers.TestMethodWorker.invokeTestMethods(TestMethodWorker.java:148)
	at org.testng.internal.invokers.TestMethodWorker.run(TestMethodWorker.java:128)
	at java.base/java.util.ArrayList.forEach(ArrayList.java:1511)
	at org.testng.TestRunner.privateRun(TestRunner.java:829)
	at org.testng.TestRunner.run(TestRunner.java:602)
	at org.testng.SuiteRunner.runTest(SuiteRunner.java:437)
	at org.testng.SuiteRunner.runSequentially(SuiteRunner.java:431)
	at org.testng.SuiteRunner.privateRun(SuiteRunner.java:391)
	at org.testng.SuiteRunner.run(SuiteRunner.java:330)
	at org.testng.SuiteRunnerWorker.runSuite(SuiteRunnerWorker.java:52)
	at org.testng.SuiteRunnerWorker.run(SuiteRunnerWorker.java:95)
	at org.testng.TestNG.runSuitesSequentially(TestNG.java:1256)
	at org.testng.TestNG.runSuitesLocally(TestNG.java:1176)
	at org.testng.TestNG.runSuites(TestNG.java:1099)
	at org.testng.TestNG.run(TestNG.java:1067)
	at org.testng.remote.AbstractRemoteTestNG.run(AbstractRemoteTestNG.java:115)
	at org.testng.remote.RemoteTestNG.initAndRun(RemoteTestNG.java:251)
	at org.testng.remote.RemoteTestNG.main(RemoteTestNG.java:77)

</div> <!-- stack-trace -->
                  <em>
(This  test case verifies the attendance images is mandatory or not for each types)                  </em>
                </div> <!-- method-content -->
              </div> <!-- method -->
              <div class="method">
                <div class="method-content">
                  <a name="TC_002_VerifyImagerequired({Runmode=Y, Attendancetype=Training, TC ID=TC_003}, public static void Tests.AttendanceTest.TC_002_V...)">
                  </a> <!-- TC_002_VerifyImagerequired({Runmode=Y, Attendancetype=Training, TC ID=TC_003}, public static void Tests.AttendanceTest.TC_002_V...) -->
                  <span class="method-name">TC_002_VerifyImagerequired</span>
                  <span class="parameters">({Runmode=Y, Attendancetype=Training, TC ID=TC_003},public static void Tests.AttendanceTest.TC_002_VerifyImagerequired(java.util.Hashtable,java.lang.reflect.Method) throws java.lang.Exception)</span>
                  <div class="stack-trace">org.testng.SkipException: Skipping the test TC_002_VERIFYIMAGEREQUIRED as the Run mode is NO
	at Utilities.Utils.checkexecution(Utils.java:220)
	at Tests.AttendanceTest.TC_002_VerifyImagerequired(AttendanceTest.java:27)
	at java.base/jdk.internal.reflect.NativeMethodAccessorImpl.invoke0(Native Method)
	at java.base/jdk.internal.reflect.NativeMethodAccessorImpl.invoke(NativeMethodAccessorImpl.java:77)
	at java.base/jdk.internal.reflect.DelegatingMethodAccessorImpl.invoke(DelegatingMethodAccessorImpl.java:43)
	at java.base/java.lang.reflect.Method.invoke(Method.java:568)
	at org.testng.internal.invokers.MethodInvocationHelper.invokeMethod(MethodInvocationHelper.java:139)
	at org.testng.internal.invokers.TestInvoker.invokeMethod(TestInvoker.java:677)
	at org.testng.internal.invokers.TestInvoker.invokeTestMethod(TestInvoker.java:221)
	at org.testng.internal.invokers.MethodRunner.runInSequence(MethodRunner.java:50)
	at org.testng.internal.invokers.TestInvoker$MethodInvocationAgent.invoke(TestInvoker.java:969)
	at org.testng.internal.invokers.TestInvoker.invokeTestMethods(TestInvoker.java:194)
	at org.testng.internal.invokers.TestMethodWorker.invokeTestMethods(TestMethodWorker.java:148)
	at org.testng.internal.invokers.TestMethodWorker.run(TestMethodWorker.java:128)
	at java.base/java.util.ArrayList.forEach(ArrayList.java:1511)
	at org.testng.TestRunner.privateRun(TestRunner.java:829)
	at org.testng.TestRunner.run(TestRunner.java:602)
	at org.testng.SuiteRunner.runTest(SuiteRunner.java:437)
	at org.testng.SuiteRunner.runSequentially(SuiteRunner.java:431)
	at org.testng.SuiteRunner.privateRun(SuiteRunner.java:391)
	at org.testng.SuiteRunner.run(SuiteRunner.java:330)
	at org.testng.SuiteRunnerWorker.runSuite(SuiteRunnerWorker.java:52)
	at org.testng.SuiteRunnerWorker.run(SuiteRunnerWorker.java:95)
	at org.testng.TestNG.runSuitesSequentially(TestNG.java:1256)
	at org.testng.TestNG.runSuitesLocally(TestNG.java:1176)
	at org.testng.TestNG.runSuites(TestNG.java:1099)
	at org.testng.TestNG.run(TestNG.java:1067)
	at org.testng.remote.AbstractRemoteTestNG.run(AbstractRemoteTestNG.java:115)
	at org.testng.remote.RemoteTestNG.initAndRun(RemoteTestNG.java:251)
	at org.testng.remote.RemoteTestNG.main(RemoteTestNG.java:77)

</div> <!-- stack-trace -->
                  <em>
(This  test case verifies the attendance images is mandatory or not for each types)                  </em>
                </div> <!-- method-content -->
              </div> <!-- method -->
              <div class="method">
                <div class="method-content">
                  <a name="TC_002_VerifyImagerequired({Runmode=Y, Attendancetype=Monthly Meeting, TC ID=TC_003}, public static void Tests.AttendanceTest.T...)">
                  </a> <!-- TC_002_VerifyImagerequired({Runmode=Y, Attendancetype=Monthly Meeting, TC ID=TC_003}, public static void Tests.AttendanceTest.T...) -->
                  <span class="method-name">TC_002_VerifyImagerequired</span>
                  <span class="parameters">({Runmode=Y, Attendancetype=Monthly Meeting, TC ID=TC_003},public static void Tests.AttendanceTest.TC_002_VerifyImagerequired(java.util.Hashtable,java.lang.reflect.Method) throws java.lang.Exception)</span>
                  <div class="stack-trace">org.testng.SkipException: Skipping the test TC_002_VERIFYIMAGEREQUIRED as the Run mode is NO
	at Utilities.Utils.checkexecution(Utils.java:220)
	at Tests.AttendanceTest.TC_002_VerifyImagerequired(AttendanceTest.java:27)
	at java.base/jdk.internal.reflect.NativeMethodAccessorImpl.invoke0(Native Method)
	at java.base/jdk.internal.reflect.NativeMethodAccessorImpl.invoke(NativeMethodAccessorImpl.java:77)
	at java.base/jdk.internal.reflect.DelegatingMethodAccessorImpl.invoke(DelegatingMethodAccessorImpl.java:43)
	at java.base/java.lang.reflect.Method.invoke(Method.java:568)
	at org.testng.internal.invokers.MethodInvocationHelper.invokeMethod(MethodInvocationHelper.java:139)
	at org.testng.internal.invokers.TestInvoker.invokeMethod(TestInvoker.java:677)
	at org.testng.internal.invokers.TestInvoker.invokeTestMethod(TestInvoker.java:221)
	at org.testng.internal.invokers.MethodRunner.runInSequence(MethodRunner.java:50)
	at org.testng.internal.invokers.TestInvoker$MethodInvocationAgent.invoke(TestInvoker.java:969)
	at org.testng.internal.invokers.TestInvoker.invokeTestMethods(TestInvoker.java:194)
	at org.testng.internal.invokers.TestMethodWorker.invokeTestMethods(TestMethodWorker.java:148)
	at org.testng.internal.invokers.TestMethodWorker.run(TestMethodWorker.java:128)
	at java.base/java.util.ArrayList.forEach(ArrayList.java:1511)
	at org.testng.TestRunner.privateRun(TestRunner.java:829)
	at org.testng.TestRunner.run(TestRunner.java:602)
	at org.testng.SuiteRunner.runTest(SuiteRunner.java:437)
	at org.testng.SuiteRunner.runSequentially(SuiteRunner.java:431)
	at org.testng.SuiteRunner.privateRun(SuiteRunner.java:391)
	at org.testng.SuiteRunner.run(SuiteRunner.java:330)
	at org.testng.SuiteRunnerWorker.runSuite(SuiteRunnerWorker.java:52)
	at org.testng.SuiteRunnerWorker.run(SuiteRunnerWorker.java:95)
	at org.testng.TestNG.runSuitesSequentially(TestNG.java:1256)
	at org.testng.TestNG.runSuitesLocally(TestNG.java:1176)
	at org.testng.TestNG.runSuites(TestNG.java:1099)
	at org.testng.TestNG.run(TestNG.java:1067)
	at org.testng.remote.AbstractRemoteTestNG.run(AbstractRemoteTestNG.java:115)
	at org.testng.remote.RemoteTestNG.initAndRun(RemoteTestNG.java:251)
	at org.testng.remote.RemoteTestNG.main(RemoteTestNG.java:77)

</div> <!-- stack-trace -->
                  <em>
(This  test case verifies the attendance images is mandatory or not for each types)                  </em>
                </div> <!-- method-content -->
              </div> <!-- method -->
            </div> <!-- main-panel-content rounded-window-bottom -->
          </div> <!-- suite-Smoke-class-skipped -->
          <div class="suite-Smoke-class-skipped">
            <div class="main-panel-header rounded-window-top">
              <img src="skipped.png"/>
              <span class="class-name">Tests.DownloadcallsTest</span>
            </div> <!-- main-panel-header rounded-window-top -->
            <div class="main-panel-content rounded-window-bottom">
              <div class="method">
                <div class="method-content">
                  <a name="TC_001_VerifyDownloadcalls({TargetId=33011, Runmode=Y, TC ID=TC_001}, public static void Tests.DownloadcallsTest.TC_001_VerifyD...)">
                  </a> <!-- TC_001_VerifyDownloadcalls({TargetId=33011, Runmode=Y, TC ID=TC_001}, public static void Tests.DownloadcallsTest.TC_001_VerifyD...) -->
                  <span class="method-name">TC_001_VerifyDownloadcalls</span>
                  <span class="parameters">({TargetId=33011, Runmode=Y, TC ID=TC_001},public static void Tests.DownloadcallsTest.TC_001_VerifyDownloadcalls(java.util.Hashtable,java.lang.reflect.Method) throws java.lang.Exception)</span>
                  <div class="stack-trace">org.testng.SkipException: Skipping the test TC_001_VERIFYDOWNLOADCALLS as the Run mode is NO
	at Utilities.Utils.checkexecution(Utils.java:220)
	at Tests.DownloadcallsTest.TC_001_VerifyDownloadcalls(DownloadcallsTest.java:18)
	at java.base/jdk.internal.reflect.NativeMethodAccessorImpl.invoke0(Native Method)
	at java.base/jdk.internal.reflect.NativeMethodAccessorImpl.invoke(NativeMethodAccessorImpl.java:77)
	at java.base/jdk.internal.reflect.DelegatingMethodAccessorImpl.invoke(DelegatingMethodAccessorImpl.java:43)
	at java.base/java.lang.reflect.Method.invoke(Method.java:568)
	at org.testng.internal.invokers.MethodInvocationHelper.invokeMethod(MethodInvocationHelper.java:139)
	at org.testng.internal.invokers.TestInvoker.invokeMethod(TestInvoker.java:677)
	at org.testng.internal.invokers.TestInvoker.invokeTestMethod(TestInvoker.java:221)
	at org.testng.internal.invokers.MethodRunner.runInSequence(MethodRunner.java:50)
	at org.testng.internal.invokers.TestInvoker$MethodInvocationAgent.invoke(TestInvoker.java:969)
	at org.testng.internal.invokers.TestInvoker.invokeTestMethods(TestInvoker.java:194)
	at org.testng.internal.invokers.TestMethodWorker.invokeTestMethods(TestMethodWorker.java:148)
	at org.testng.internal.invokers.TestMethodWorker.run(TestMethodWorker.java:128)
	at java.base/java.util.ArrayList.forEach(ArrayList.java:1511)
	at org.testng.TestRunner.privateRun(TestRunner.java:829)
	at org.testng.TestRunner.run(TestRunner.java:602)
	at org.testng.SuiteRunner.runTest(SuiteRunner.java:437)
	at org.testng.SuiteRunner.runSequentially(SuiteRunner.java:431)
	at org.testng.SuiteRunner.privateRun(SuiteRunner.java:391)
	at org.testng.SuiteRunner.run(SuiteRunner.java:330)
	at org.testng.SuiteRunnerWorker.runSuite(SuiteRunnerWorker.java:52)
	at org.testng.SuiteRunnerWorker.run(SuiteRunnerWorker.java:95)
	at org.testng.TestNG.runSuitesSequentially(TestNG.java:1256)
	at org.testng.TestNG.runSuitesLocally(TestNG.java:1176)
	at org.testng.TestNG.runSuites(TestNG.java:1099)
	at org.testng.TestNG.run(TestNG.java:1067)
	at org.testng.remote.AbstractRemoteTestNG.run(AbstractRemoteTestNG.java:115)
	at org.testng.remote.RemoteTestNG.initAndRun(RemoteTestNG.java:251)
	at org.testng.remote.RemoteTestNG.main(RemoteTestNG.java:77)

</div> <!-- stack-trace -->
                  <em>
(This  test case verifies the calls is downloaded or not in download calls)                  </em>
                </div> <!-- method-content -->
              </div> <!-- method -->
              <div class="method">
                <div class="method-content">
                  <a name="TC_001_VerifyDownloadcalls({TargetId=000000, Runmode=Y, TC ID=TC_002}, public static void Tests.DownloadcallsTest.TC_001_Verify...)">
                  </a> <!-- TC_001_VerifyDownloadcalls({TargetId=000000, Runmode=Y, TC ID=TC_002}, public static void Tests.DownloadcallsTest.TC_001_Verify...) -->
                  <span class="method-name">TC_001_VerifyDownloadcalls</span>
                  <span class="parameters">({TargetId=000000, Runmode=Y, TC ID=TC_002},public static void Tests.DownloadcallsTest.TC_001_VerifyDownloadcalls(java.util.Hashtable,java.lang.reflect.Method) throws java.lang.Exception)</span>
                  <div class="stack-trace">org.testng.SkipException: Skipping the test TC_001_VERIFYDOWNLOADCALLS as the Run mode is NO
	at Utilities.Utils.checkexecution(Utils.java:220)
	at Tests.DownloadcallsTest.TC_001_VerifyDownloadcalls(DownloadcallsTest.java:18)
	at java.base/jdk.internal.reflect.NativeMethodAccessorImpl.invoke0(Native Method)
	at java.base/jdk.internal.reflect.NativeMethodAccessorImpl.invoke(NativeMethodAccessorImpl.java:77)
	at java.base/jdk.internal.reflect.DelegatingMethodAccessorImpl.invoke(DelegatingMethodAccessorImpl.java:43)
	at java.base/java.lang.reflect.Method.invoke(Method.java:568)
	at org.testng.internal.invokers.MethodInvocationHelper.invokeMethod(MethodInvocationHelper.java:139)
	at org.testng.internal.invokers.TestInvoker.invokeMethod(TestInvoker.java:677)
	at org.testng.internal.invokers.TestInvoker.invokeTestMethod(TestInvoker.java:221)
	at org.testng.internal.invokers.MethodRunner.runInSequence(MethodRunner.java:50)
	at org.testng.internal.invokers.TestInvoker$MethodInvocationAgent.invoke(TestInvoker.java:969)
	at org.testng.internal.invokers.TestInvoker.invokeTestMethods(TestInvoker.java:194)
	at org.testng.internal.invokers.TestMethodWorker.invokeTestMethods(TestMethodWorker.java:148)
	at org.testng.internal.invokers.TestMethodWorker.run(TestMethodWorker.java:128)
	at java.base/java.util.ArrayList.forEach(ArrayList.java:1511)
	at org.testng.TestRunner.privateRun(TestRunner.java:829)
	at org.testng.TestRunner.run(TestRunner.java:602)
	at org.testng.SuiteRunner.runTest(SuiteRunner.java:437)
	at org.testng.SuiteRunner.runSequentially(SuiteRunner.java:431)
	at org.testng.SuiteRunner.privateRun(SuiteRunner.java:391)
	at org.testng.SuiteRunner.run(SuiteRunner.java:330)
	at org.testng.SuiteRunnerWorker.runSuite(SuiteRunnerWorker.java:52)
	at org.testng.SuiteRunnerWorker.run(SuiteRunnerWorker.java:95)
	at org.testng.TestNG.runSuitesSequentially(TestNG.java:1256)
	at org.testng.TestNG.runSuitesLocally(TestNG.java:1176)
	at org.testng.TestNG.runSuites(TestNG.java:1099)
	at org.testng.TestNG.run(TestNG.java:1067)
	at org.testng.remote.AbstractRemoteTestNG.run(AbstractRemoteTestNG.java:115)
	at org.testng.remote.RemoteTestNG.initAndRun(RemoteTestNG.java:251)
	at org.testng.remote.RemoteTestNG.main(RemoteTestNG.java:77)

</div> <!-- stack-trace -->
                  <em>
(This  test case verifies the calls is downloaded or not in download calls)                  </em>
                </div> <!-- method-content -->
              </div> <!-- method -->
              <div class="method">
                <div class="method-content">
                  <a name="TC_001_VerifyDownloadcalls({TargetId=33011, Runmode=Y, TC ID=TC_003}, public static void Tests.DownloadcallsTest.TC_001_VerifyD...)">
                  </a> <!-- TC_001_VerifyDownloadcalls({TargetId=33011, Runmode=Y, TC ID=TC_003}, public static void Tests.DownloadcallsTest.TC_001_VerifyD...) -->
                  <span class="method-name">TC_001_VerifyDownloadcalls</span>
                  <span class="parameters">({TargetId=33011, Runmode=Y, TC ID=TC_003},public static void Tests.DownloadcallsTest.TC_001_VerifyDownloadcalls(java.util.Hashtable,java.lang.reflect.Method) throws java.lang.Exception)</span>
                  <div class="stack-trace">org.testng.SkipException: Skipping the test TC_001_VERIFYDOWNLOADCALLS as the Run mode is NO
	at Utilities.Utils.checkexecution(Utils.java:220)
	at Tests.DownloadcallsTest.TC_001_VerifyDownloadcalls(DownloadcallsTest.java:18)
	at java.base/jdk.internal.reflect.NativeMethodAccessorImpl.invoke0(Native Method)
	at java.base/jdk.internal.reflect.NativeMethodAccessorImpl.invoke(NativeMethodAccessorImpl.java:77)
	at java.base/jdk.internal.reflect.DelegatingMethodAccessorImpl.invoke(DelegatingMethodAccessorImpl.java:43)
	at java.base/java.lang.reflect.Method.invoke(Method.java:568)
	at org.testng.internal.invokers.MethodInvocationHelper.invokeMethod(MethodInvocationHelper.java:139)
	at org.testng.internal.invokers.TestInvoker.invokeMethod(TestInvoker.java:677)
	at org.testng.internal.invokers.TestInvoker.invokeTestMethod(TestInvoker.java:221)
	at org.testng.internal.invokers.MethodRunner.runInSequence(MethodRunner.java:50)
	at org.testng.internal.invokers.TestInvoker$MethodInvocationAgent.invoke(TestInvoker.java:969)
	at org.testng.internal.invokers.TestInvoker.invokeTestMethods(TestInvoker.java:194)
	at org.testng.internal.invokers.TestMethodWorker.invokeTestMethods(TestMethodWorker.java:148)
	at org.testng.internal.invokers.TestMethodWorker.run(TestMethodWorker.java:128)
	at java.base/java.util.ArrayList.forEach(ArrayList.java:1511)
	at org.testng.TestRunner.privateRun(TestRunner.java:829)
	at org.testng.TestRunner.run(TestRunner.java:602)
	at org.testng.SuiteRunner.runTest(SuiteRunner.java:437)
	at org.testng.SuiteRunner.runSequentially(SuiteRunner.java:431)
	at org.testng.SuiteRunner.privateRun(SuiteRunner.java:391)
	at org.testng.SuiteRunner.run(SuiteRunner.java:330)
	at org.testng.SuiteRunnerWorker.runSuite(SuiteRunnerWorker.java:52)
	at org.testng.SuiteRunnerWorker.run(SuiteRunnerWorker.java:95)
	at org.testng.TestNG.runSuitesSequentially(TestNG.java:1256)
	at org.testng.TestNG.runSuitesLocally(TestNG.java:1176)
	at org.testng.TestNG.runSuites(TestNG.java:1099)
	at org.testng.TestNG.run(TestNG.java:1067)
	at org.testng.remote.AbstractRemoteTestNG.run(AbstractRemoteTestNG.java:115)
	at org.testng.remote.RemoteTestNG.initAndRun(RemoteTestNG.java:251)
	at org.testng.remote.RemoteTestNG.main(RemoteTestNG.java:77)

</div> <!-- stack-trace -->
                  <em>
(This  test case verifies the calls is downloaded or not in download calls)                  </em>
                </div> <!-- method-content -->
              </div> <!-- method -->
              <div class="method">
                <div class="method-content">
                  <a name="TC_001_VerifyDownloadcalls({TargetId=, Runmode=, TC ID=}, public static void Tests.DownloadcallsTest.TC_001_VerifyDownloadcalls...)">
                  </a> <!-- TC_001_VerifyDownloadcalls({TargetId=, Runmode=, TC ID=}, public static void Tests.DownloadcallsTest.TC_001_VerifyDownloadcalls...) -->
                  <span class="method-name">TC_001_VerifyDownloadcalls</span>
                  <span class="parameters">({TargetId=, Runmode=, TC ID=},public static void Tests.DownloadcallsTest.TC_001_VerifyDownloadcalls(java.util.Hashtable,java.lang.reflect.Method) throws java.lang.Exception)</span>
                  <div class="stack-trace">org.testng.SkipException: Skipping the test TC_001_VERIFYDOWNLOADCALLS as the Run mode is NO
	at Utilities.Utils.checkexecution(Utils.java:220)
	at Tests.DownloadcallsTest.TC_001_VerifyDownloadcalls(DownloadcallsTest.java:18)
	at java.base/jdk.internal.reflect.NativeMethodAccessorImpl.invoke0(Native Method)
	at java.base/jdk.internal.reflect.NativeMethodAccessorImpl.invoke(NativeMethodAccessorImpl.java:77)
	at java.base/jdk.internal.reflect.DelegatingMethodAccessorImpl.invoke(DelegatingMethodAccessorImpl.java:43)
	at java.base/java.lang.reflect.Method.invoke(Method.java:568)
	at org.testng.internal.invokers.MethodInvocationHelper.invokeMethod(MethodInvocationHelper.java:139)
	at org.testng.internal.invokers.TestInvoker.invokeMethod(TestInvoker.java:677)
	at org.testng.internal.invokers.TestInvoker.invokeTestMethod(TestInvoker.java:221)
	at org.testng.internal.invokers.MethodRunner.runInSequence(MethodRunner.java:50)
	at org.testng.internal.invokers.TestInvoker$MethodInvocationAgent.invoke(TestInvoker.java:969)
	at org.testng.internal.invokers.TestInvoker.invokeTestMethods(TestInvoker.java:194)
	at org.testng.internal.invokers.TestMethodWorker.invokeTestMethods(TestMethodWorker.java:148)
	at org.testng.internal.invokers.TestMethodWorker.run(TestMethodWorker.java:128)
	at java.base/java.util.ArrayList.forEach(ArrayList.java:1511)
	at org.testng.TestRunner.privateRun(TestRunner.java:829)
	at org.testng.TestRunner.run(TestRunner.java:602)
	at org.testng.SuiteRunner.runTest(SuiteRunner.java:437)
	at org.testng.SuiteRunner.runSequentially(SuiteRunner.java:431)
	at org.testng.SuiteRunner.privateRun(SuiteRunner.java:391)
	at org.testng.SuiteRunner.run(SuiteRunner.java:330)
	at org.testng.SuiteRunnerWorker.runSuite(SuiteRunnerWorker.java:52)
	at org.testng.SuiteRunnerWorker.run(SuiteRunnerWorker.java:95)
	at org.testng.TestNG.runSuitesSequentially(TestNG.java:1256)
	at org.testng.TestNG.runSuitesLocally(TestNG.java:1176)
	at org.testng.TestNG.runSuites(TestNG.java:1099)
	at org.testng.TestNG.run(TestNG.java:1067)
	at org.testng.remote.AbstractRemoteTestNG.run(AbstractRemoteTestNG.java:115)
	at org.testng.remote.RemoteTestNG.initAndRun(RemoteTestNG.java:251)
	at org.testng.remote.RemoteTestNG.main(RemoteTestNG.java:77)

</div> <!-- stack-trace -->
                  <em>
(This  test case verifies the calls is downloaded or not in download calls)                  </em>
                </div> <!-- method-content -->
              </div> <!-- method -->
            </div> <!-- main-panel-content rounded-window-bottom -->
          </div> <!-- suite-Smoke-class-skipped -->
          <div class="suite-Smoke-class-passed">
            <div class="main-panel-header rounded-window-top">
              <img src="passed.png"/>
              <span class="class-name">Tests.ResourceCentreTest</span>
            </div> <!-- main-panel-header rounded-window-top -->
            <div class="main-panel-content rounded-window-bottom">
              <div class="method">
                <div class="method-content">
                  <a name="TC001_VerifyResourcecentrefiles({Filename=retail-industry-trends.jpg, Runmode=Y, TC ID=TC_006}, public static void Tests.ResourceCen...)">
                  </a> <!-- TC001_VerifyResourcecentrefiles({Filename=retail-industry-trends.jpg, Runmode=Y, TC ID=TC_006}, public static void Tests.ResourceCen...) -->
                  <span class="method-name">TC001_VerifyResourcecentrefiles</span>
                  <span class="parameters">({Filename=retail-industry-trends.jpg, Runmode=Y, TC ID=TC_006},public static void Tests.ResourceCentreTest.TC001_VerifyResourcecentrefiles(java.util.Hashtable,java.lang.reflect.Method) throws java.lang.Exception)</span>
                  <em>
(This  test case verifies the all type of extension files is downloaded or not .)                  </em>
                </div> <!-- method-content -->
              </div> <!-- method -->
              <div class="method">
                <div class="method-content">
                  <a name="TC001_VerifyResourcecentrefiles({Filename=Task Target Mapping (29)(1).xlsx, Runmode=Y, TC ID=TC_007}, public static void Tests.Resou...)">
                  </a> <!-- TC001_VerifyResourcecentrefiles({Filename=Task Target Mapping (29)(1).xlsx, Runmode=Y, TC ID=TC_007}, public static void Tests.Resou...) -->
                  <span class="method-name">TC001_VerifyResourcecentrefiles</span>
                  <span class="parameters">({Filename=Task Target Mapping (29)(1).xlsx, Runmode=Y, TC ID=TC_007},public static void Tests.ResourceCentreTest.TC001_VerifyResourcecentrefiles(java.util.Hashtable,java.lang.reflect.Method) throws java.lang.Exception)</span>
                  <em>
(This  test case verifies the all type of extension files is downloaded or not .)                  </em>
                </div> <!-- method-content -->
              </div> <!-- method -->
              <div class="method">
                <div class="method-content">
                  <a name="TC001_VerifyResourcecentrefiles({Filename=Mobile App Toolkit_free.mp4, Runmode=Y, TC ID=TC_002}, public static void Tests.ResourceCe...)">
                  </a> <!-- TC001_VerifyResourcecentrefiles({Filename=Mobile App Toolkit_free.mp4, Runmode=Y, TC ID=TC_002}, public static void Tests.ResourceCe...) -->
                  <span class="method-name">TC001_VerifyResourcecentrefiles</span>
                  <span class="parameters">({Filename=Mobile App Toolkit_free.mp4, Runmode=Y, TC ID=TC_002},public static void Tests.ResourceCentreTest.TC001_VerifyResourcecentrefiles(java.util.Hashtable,java.lang.reflect.Method) throws java.lang.Exception)</span>
                  <em>
(This  test case verifies the all type of extension files is downloaded or not .)                  </em>
                </div> <!-- method-content -->
              </div> <!-- method -->
              <div class="method">
                <div class="method-content">
                  <a name="TC001_VerifyResourcecentrefiles({Filename=NOGST_NOPAN.pdf, Runmode=Y, TC ID=TC_003}, public static void Tests.ResourceCentreTest.TC0...)">
                  </a> <!-- TC001_VerifyResourcecentrefiles({Filename=NOGST_NOPAN.pdf, Runmode=Y, TC ID=TC_003}, public static void Tests.ResourceCentreTest.TC0...) -->
                  <span class="method-name">TC001_VerifyResourcecentrefiles</span>
                  <span class="parameters">({Filename=NOGST_NOPAN.pdf, Runmode=Y, TC ID=TC_003},public static void Tests.ResourceCentreTest.TC001_VerifyResourcecentrefiles(java.util.Hashtable,java.lang.reflect.Method) throws java.lang.Exception)</span>
                  <em>
(This  test case verifies the all type of extension files is downloaded or not .)                  </em>
                </div> <!-- method-content -->
              </div> <!-- method -->
              <div class="method">
                <div class="method-content">
                  <a name="TC001_VerifyResourcecentrefiles({Filename=Lead 2023 design.pptx, Runmode=Y, TC ID=TC_001}, public static void Tests.ResourceCentreTe...)">
                  </a> <!-- TC001_VerifyResourcecentrefiles({Filename=Lead 2023 design.pptx, Runmode=Y, TC ID=TC_001}, public static void Tests.ResourceCentreTe...) -->
                  <span class="method-name">TC001_VerifyResourcecentrefiles</span>
                  <span class="parameters">({Filename=Lead 2023 design.pptx, Runmode=Y, TC ID=TC_001},public static void Tests.ResourceCentreTest.TC001_VerifyResourcecentrefiles(java.util.Hashtable,java.lang.reflect.Method) throws java.lang.Exception)</span>
                  <em>
(This  test case verifies the all type of extension files is downloaded or not .)                  </em>
                </div> <!-- method-content -->
              </div> <!-- method -->
              <div class="method">
                <div class="method-content">
                  <a name="TC001_VerifyResourcecentrefiles({Filename=The Merchandising black book.pptx, Runmode=Y, TC ID=TC_009}, public static void Tests.Reso...)">
                  </a> <!-- TC001_VerifyResourcecentrefiles({Filename=The Merchandising black book.pptx, Runmode=Y, TC ID=TC_009}, public static void Tests.Reso...) -->
                  <span class="method-name">TC001_VerifyResourcecentrefiles</span>
                  <span class="parameters">({Filename=The Merchandising black book.pptx, Runmode=Y, TC ID=TC_009},public static void Tests.ResourceCentreTest.TC001_VerifyResourcecentrefiles(java.util.Hashtable,java.lang.reflect.Method) throws java.lang.Exception)</span>
                  <em>
(This  test case verifies the all type of extension files is downloaded or not .)                  </em>
                </div> <!-- method-content -->
              </div> <!-- method -->
              <div class="method">
                <div class="method-content">
                  <a name="TC001_VerifyResourcecentrefiles({Filename=NOGST_PAN.pdf, Runmode=Y, TC ID=TC_004}, public static void Tests.ResourceCentreTest.TC001...)">
                  </a> <!-- TC001_VerifyResourcecentrefiles({Filename=NOGST_PAN.pdf, Runmode=Y, TC ID=TC_004}, public static void Tests.ResourceCentreTest.TC001...) -->
                  <span class="method-name">TC001_VerifyResourcecentrefiles</span>
                  <span class="parameters">({Filename=NOGST_PAN.pdf, Runmode=Y, TC ID=TC_004},public static void Tests.ResourceCentreTest.TC001_VerifyResourcecentrefiles(java.util.Hashtable,java.lang.reflect.Method) throws java.lang.Exception)</span>
                  <em>
(This  test case verifies the all type of extension files is downloaded or not .)                  </em>
                </div> <!-- method-content -->
              </div> <!-- method -->
              <div class="method">
                <div class="method-content">
                  <a name="TC001_VerifyResourcecentrefiles({Filename=redipae.docx, Runmode=Y, TC ID=TC_005}, public static void Tests.ResourceCentreTest.TC001_...)">
                  </a> <!-- TC001_VerifyResourcecentrefiles({Filename=redipae.docx, Runmode=Y, TC ID=TC_005}, public static void Tests.ResourceCentreTest.TC001_...) -->
                  <span class="method-name">TC001_VerifyResourcecentrefiles</span>
                  <span class="parameters">({Filename=redipae.docx, Runmode=Y, TC ID=TC_005},public static void Tests.ResourceCentreTest.TC001_VerifyResourcecentrefiles(java.util.Hashtable,java.lang.reflect.Method) throws java.lang.Exception)</span>
                  <em>
(This  test case verifies the all type of extension files is downloaded or not .)                  </em>
                </div> <!-- method-content -->
              </div> <!-- method -->
              <div class="method">
                <div class="method-content">
                  <a name="TC001_VerifyResourcecentrefiles({Filename=Tech-Trends-in-Retail.jpg, Runmode=Y, TC ID=TC_008}, public static void Tests.ResourceCent...)">
                  </a> <!-- TC001_VerifyResourcecentrefiles({Filename=Tech-Trends-in-Retail.jpg, Runmode=Y, TC ID=TC_008}, public static void Tests.ResourceCent...) -->
                  <span class="method-name">TC001_VerifyResourcecentrefiles</span>
                  <span class="parameters">({Filename=Tech-Trends-in-Retail.jpg, Runmode=Y, TC ID=TC_008},public static void Tests.ResourceCentreTest.TC001_VerifyResourcecentrefiles(java.util.Hashtable,java.lang.reflect.Method) throws java.lang.Exception)</span>
                  <em>
(This  test case verifies the all type of extension files is downloaded or not .)                  </em>
                </div> <!-- method-content -->
              </div> <!-- method -->
            </div> <!-- main-panel-content rounded-window-bottom -->
          </div> <!-- suite-Smoke-class-passed -->
          <div class="suite-Smoke-class-passed">
            <div class="main-panel-header rounded-window-top">
              <img src="passed.png"/>
              <span class="class-name">Tests.LoginTest</span>
            </div> <!-- main-panel-header rounded-window-top -->
            <div class="main-panel-content rounded-window-bottom">
              <div class="method">
                <div class="method-content">
                  <a name="TC_001_VerifyLogin({Mobilenumber=8248606917, Username=E1M4, Password=E1M4, Runmode=Y, Project=framedemo_d1, TC ID=TC_01...)">
                  </a> <!-- TC_001_VerifyLogin({Mobilenumber=8248606917, Username=E1M4, Password=E1M4, Runmode=Y, Project=framedemo_d1, TC ID=TC_01...) -->
                  <span class="method-name">TC_001_VerifyLogin</span>
                  <span class="parameters">({Mobilenumber=8248606917, Username=E1M4, Password=E1M4, Runmode=Y, Project=framedemo_d1, TC ID=TC_010},public static void Tests.LoginTest.TC_001_VerifyLogin(java.util.Hashtable,java.lang.reflect.Method) throws java.lang.Exception)</span>
                  <em>
(This  test case verifies the login functionality of the application using the provided test data.)                  </em>
                </div> <!-- method-content -->
              </div> <!-- method -->
            </div> <!-- main-panel-content rounded-window-bottom -->
          </div> <!-- suite-Smoke-class-passed -->
        </div> <!-- panel Smoke -->
        <div panel-name="test-xml-Smoke" class="panel">
          <div class="main-panel-header rounded-window-top">
            <span class="header-content">E:\Automation Workspace\FrameXMobile_V1.0\src\test\resources\Runners\Smoke.xml</span>
          </div> <!-- main-panel-header rounded-window-top -->
          <div class="main-panel-content rounded-window-bottom">
            <pre>
&lt;?xml version=&quot;1.0&quot; encoding=&quot;UTF-8&quot;?&gt;
&lt;!DOCTYPE suite SYSTEM &quot;https://testng.org/testng-1.0.dtd&quot;&gt;
&lt;suite name=&quot;Smoke&quot; guice-stage=&quot;DEVELOPMENT&quot; verbose=&quot;3&quot;&gt;
  &lt;listeners&gt;
    &lt;listener class-name=&quot;Listeners.FrameX_Listeners&quot;/&gt;
  &lt;/listeners&gt;
  &lt;test thread-count=&quot;5&quot; name=&quot;LoginTest&quot; verbose=&quot;3&quot;&gt;
    &lt;classes&gt;
      &lt;class name=&quot;Tests.LoginTest&quot;&gt;
        &lt;methods&gt;
          &lt;include name=&quot;TC_001_VerifyLogin&quot;/&gt;
        &lt;/methods&gt;
      &lt;/class&gt; &lt;!-- Tests.LoginTest --&gt;
    &lt;/classes&gt;
  &lt;/test&gt; &lt;!-- LoginTest --&gt;
  &lt;test thread-count=&quot;5&quot; name=&quot;VersionTest&quot; verbose=&quot;3&quot;&gt;
    &lt;classes&gt;
      &lt;class name=&quot;Tests.LoginTest&quot;&gt;
        &lt;methods&gt;
          &lt;include name=&quot;TC_002_Verify_AppVersion&quot;/&gt;
        &lt;/methods&gt;
      &lt;/class&gt; &lt;!-- Tests.LoginTest --&gt;
    &lt;/classes&gt;
  &lt;/test&gt; &lt;!-- VersionTest --&gt;
  &lt;test thread-count=&quot;5&quot; name=&quot;AttendanceTest&quot; verbose=&quot;3&quot;&gt;
    &lt;classes&gt;
      &lt;class name=&quot;Tests.AttendanceTest&quot;&gt;
        &lt;methods&gt;
          &lt;include name=&quot;TC_002_VerifyImagerequired&quot;/&gt;
          &lt;include name=&quot;TC_001_VerifyAttendance&quot;/&gt;
        &lt;/methods&gt;
      &lt;/class&gt; &lt;!-- Tests.AttendanceTest --&gt;
    &lt;/classes&gt;
  &lt;/test&gt; &lt;!-- AttendanceTest --&gt;
  &lt;test thread-count=&quot;5&quot; name=&quot;DownloadcallsTest&quot; verbose=&quot;3&quot;&gt;
    &lt;classes&gt;
      &lt;class name=&quot;Tests.DownloadcallsTest&quot;&gt;
        &lt;methods&gt;
          &lt;include name=&quot;TC_001_VerifyDownloadcalls&quot;/&gt;
        &lt;/methods&gt;
      &lt;/class&gt; &lt;!-- Tests.DownloadcallsTest --&gt;
    &lt;/classes&gt;
  &lt;/test&gt; &lt;!-- DownloadcallsTest --&gt;
  &lt;test thread-count=&quot;5&quot; name=&quot;ResourceCentre Test&quot; verbose=&quot;3&quot;&gt;
    &lt;classes&gt;
      &lt;class name=&quot;Tests.ResourceCentreTest&quot;&gt;
        &lt;methods&gt;
          &lt;include name=&quot;TC001_VerifyResourcecentrefiles&quot;/&gt;
        &lt;/methods&gt;
      &lt;/class&gt; &lt;!-- Tests.ResourceCentreTest --&gt;
    &lt;/classes&gt;
  &lt;/test&gt; &lt;!-- ResourceCentre Test --&gt;
&lt;/suite&gt; &lt;!-- Smoke --&gt;
            </pre>
          </div> <!-- main-panel-content rounded-window-bottom -->
        </div> <!-- panel -->
        <div panel-name="testlist-Smoke" class="panel">
          <div class="main-panel-header rounded-window-top">
            <span class="header-content">Tests for Smoke</span>
          </div> <!-- main-panel-header rounded-window-top -->
          <div class="main-panel-content rounded-window-bottom">
            <ul>
              <li>
                <span class="test-name">LoginTest (1 class)</span>
              </li>
              <li>
                <span class="test-name">VersionTest (1 class)</span>
              </li>
              <li>
                <span class="test-name">AttendanceTest (1 class)</span>
              </li>
              <li>
                <span class="test-name">DownloadcallsTest (1 class)</span>
              </li>
              <li>
                <span class="test-name">ResourceCentre Test (1 class)</span>
              </li>
            </ul>
          </div> <!-- main-panel-content rounded-window-bottom -->
        </div> <!-- panel -->
        <div panel-name="group-Smoke" class="panel">
          <div class="main-panel-header rounded-window-top">
            <span class="header-content">Groups for Smoke</span>
          </div> <!-- main-panel-header rounded-window-top -->
          <div class="main-panel-content rounded-window-bottom">
          </div> <!-- main-panel-content rounded-window-bottom -->
        </div> <!-- panel -->
        <div panel-name="times-Smoke" class="panel">
          <div class="main-panel-header rounded-window-top">
            <span class="header-content">Times for Smoke</span>
          </div> <!-- main-panel-header rounded-window-top -->
          <div class="main-panel-content rounded-window-bottom">
            <div class="times-div">
              <script type="text/javascript">
suiteTableInitFunctions.push('tableData_Smoke');
function tableData_Smoke() {
var data = new google.visualization.DataTable();
data.addColumn('number', 'Number');
data.addColumn('string', 'Method');
data.addColumn('string', 'Class');
data.addColumn('number', 'Time (ms)');
data.addRows(35);
data.setCell(0, 0, 0)
data.setCell(0, 1, 'TC_001_VerifyLogin')
data.setCell(0, 2, 'Tests.LoginTest')
data.setCell(0, 3, 14088);
data.setCell(1, 0, 1)
data.setCell(1, 1, 'TC001_VerifyResourcecentrefiles')
data.setCell(1, 2, 'Tests.ResourceCentreTest')
data.setCell(1, 3, 6941);
data.setCell(2, 0, 2)
data.setCell(2, 1, 'TC001_VerifyResourcecentrefiles')
data.setCell(2, 2, 'Tests.ResourceCentreTest')
data.setCell(2, 3, 6845);
data.setCell(3, 0, 3)
data.setCell(3, 1, 'TC001_VerifyResourcecentrefiles')
data.setCell(3, 2, 'Tests.ResourceCentreTest')
data.setCell(3, 3, 6722);
data.setCell(4, 0, 4)
data.setCell(4, 1, 'TC001_VerifyResourcecentrefiles')
data.setCell(4, 2, 'Tests.ResourceCentreTest')
data.setCell(4, 3, 6102);
data.setCell(5, 0, 5)
data.setCell(5, 1, 'TC001_VerifyResourcecentrefiles')
data.setCell(5, 2, 'Tests.ResourceCentreTest')
data.setCell(5, 3, 5616);
data.setCell(6, 0, 6)
data.setCell(6, 1, 'TC001_VerifyResourcecentrefiles')
data.setCell(6, 2, 'Tests.ResourceCentreTest')
data.setCell(6, 3, 5574);
data.setCell(7, 0, 7)
data.setCell(7, 1, 'TC001_VerifyResourcecentrefiles')
data.setCell(7, 2, 'Tests.ResourceCentreTest')
data.setCell(7, 3, 5265);
data.setCell(8, 0, 8)
data.setCell(8, 1, 'TC001_VerifyResourcecentrefiles')
data.setCell(8, 2, 'Tests.ResourceCentreTest')
data.setCell(8, 3, 4825);
data.setCell(9, 0, 9)
data.setCell(9, 1, 'TC001_VerifyResourcecentrefiles')
data.setCell(9, 2, 'Tests.ResourceCentreTest')
data.setCell(9, 3, 4809);
data.setCell(10, 0, 10)
data.setCell(10, 1, 'TC_001_VerifyLogin')
data.setCell(10, 2, 'Tests.LoginTest')
data.setCell(10, 3, 9);
data.setCell(11, 0, 11)
data.setCell(11, 1, 'TC_002_VerifyImagerequired')
data.setCell(11, 2, 'Tests.AttendanceTest')
data.setCell(11, 3, 9);
data.setCell(12, 0, 12)
data.setCell(12, 1, 'TC_002_VerifyImagerequired')
data.setCell(12, 2, 'Tests.AttendanceTest')
data.setCell(12, 3, 3);
data.setCell(13, 0, 13)
data.setCell(13, 1, 'TC_001_VerifyAttendance')
data.setCell(13, 2, 'Tests.AttendanceTest')
data.setCell(13, 3, 3);
data.setCell(14, 0, 14)
data.setCell(14, 1, 'TC_002_VerifyImagerequired')
data.setCell(14, 2, 'Tests.AttendanceTest')
data.setCell(14, 3, 3);
data.setCell(15, 0, 15)
data.setCell(15, 1, 'TC_002_VerifyImagerequired')
data.setCell(15, 2, 'Tests.AttendanceTest')
data.setCell(15, 3, 3);
data.setCell(16, 0, 16)
data.setCell(16, 1, 'TC_001_VerifyLogin')
data.setCell(16, 2, 'Tests.LoginTest')
data.setCell(16, 3, 2);
data.setCell(17, 0, 17)
data.setCell(17, 1, 'TC_001_VerifyLogin')
data.setCell(17, 2, 'Tests.LoginTest')
data.setCell(17, 3, 2);
data.setCell(18, 0, 18)
data.setCell(18, 1, 'TC_001_VerifyLogin')
data.setCell(18, 2, 'Tests.LoginTest')
data.setCell(18, 3, 2);
data.setCell(19, 0, 19)
data.setCell(19, 1, 'TC_001_VerifyLogin')
data.setCell(19, 2, 'Tests.LoginTest')
data.setCell(19, 3, 2);
data.setCell(20, 0, 20)
data.setCell(20, 1, 'TC_001_VerifyLogin')
data.setCell(20, 2, 'Tests.LoginTest')
data.setCell(20, 3, 2);
data.setCell(21, 0, 21)
data.setCell(21, 1, 'TC_001_VerifyLogin')
data.setCell(21, 2, 'Tests.LoginTest')
data.setCell(21, 3, 2);
data.setCell(22, 0, 22)
data.setCell(22, 1, 'TC_002_Verify_AppVersion')
data.setCell(22, 2, 'Tests.LoginTest')
data.setCell(22, 3, 2);
data.setCell(23, 0, 23)
data.setCell(23, 1, 'TC_002_VerifyImagerequired')
data.setCell(23, 2, 'Tests.AttendanceTest')
data.setCell(23, 3, 2);
data.setCell(24, 0, 24)
data.setCell(24, 1, 'TC_002_VerifyImagerequired')
data.setCell(24, 2, 'Tests.AttendanceTest')
data.setCell(24, 3, 2);
data.setCell(25, 0, 25)
data.setCell(25, 1, 'TC_002_VerifyImagerequired')
data.setCell(25, 2, 'Tests.AttendanceTest')
data.setCell(25, 3, 2);
data.setCell(26, 0, 26)
data.setCell(26, 1, 'TC_001_VerifyDownloadcalls')
data.setCell(26, 2, 'Tests.DownloadcallsTest')
data.setCell(26, 3, 2);
data.setCell(27, 0, 27)
data.setCell(27, 1, 'TC_001_VerifyDownloadcalls')
data.setCell(27, 2, 'Tests.DownloadcallsTest')
data.setCell(27, 3, 2);
data.setCell(28, 0, 28)
data.setCell(28, 1, 'TC_001_VerifyDownloadcalls')
data.setCell(28, 2, 'Tests.DownloadcallsTest')
data.setCell(28, 3, 2);
data.setCell(29, 0, 29)
data.setCell(29, 1, 'TC_001_VerifyLogin')
data.setCell(29, 2, 'Tests.LoginTest')
data.setCell(29, 3, 1);
data.setCell(30, 0, 30)
data.setCell(30, 1, 'TC_001_VerifyLogin')
data.setCell(30, 2, 'Tests.LoginTest')
data.setCell(30, 3, 1);
data.setCell(31, 0, 31)
data.setCell(31, 1, 'TC_002_VerifyImagerequired')
data.setCell(31, 2, 'Tests.AttendanceTest')
data.setCell(31, 3, 1);
data.setCell(32, 0, 32)
data.setCell(32, 1, 'TC_002_VerifyImagerequired')
data.setCell(32, 2, 'Tests.AttendanceTest')
data.setCell(32, 3, 1);
data.setCell(33, 0, 33)
data.setCell(33, 1, 'TC_002_VerifyImagerequired')
data.setCell(33, 2, 'Tests.AttendanceTest')
data.setCell(33, 3, 1);
data.setCell(34, 0, 34)
data.setCell(34, 1, 'TC_001_VerifyDownloadcalls')
data.setCell(34, 2, 'Tests.DownloadcallsTest')
data.setCell(34, 3, 1);
window.suiteTableData['Smoke']= { tableData: data, tableDiv: 'times-div-Smoke'}
return data;
}
              </script>
              <span class="suite-total-time">Total running time: 1 minutes</span>
              <div id="times-div-Smoke">
              </div> <!-- times-div-Smoke -->
            </div> <!-- times-div -->
          </div> <!-- main-panel-content rounded-window-bottom -->
        </div> <!-- panel -->
        <div panel-name="reporter-Smoke" class="panel">
          <div class="main-panel-header rounded-window-top">
            <span class="header-content">Reporter output for Smoke</span>
          </div> <!-- main-panel-header rounded-window-top -->
          <div class="main-panel-content rounded-window-bottom">
          </div> <!-- main-panel-content rounded-window-bottom -->
        </div> <!-- panel -->
        <div panel-name="ignored-methods-Smoke" class="panel">
          <div class="main-panel-header rounded-window-top">
            <span class="header-content">2 ignored methods</span>
          </div> <!-- main-panel-header rounded-window-top -->
          <div class="main-panel-content rounded-window-bottom">
            <div class="ignored-class-div">
              <span class="ignored-class-name">Tests.LoginTest</span>
              <div class="ignored-methods-div">
                <span class="ignored-method-name">TC_002_Verify_AppVersion</span>
                <br/>
                <span class="ignored-method-name">TC_001_VerifyLogin</span>
                <br/>
              </div> <!-- ignored-methods-div -->
            </div> <!-- ignored-class-div -->
          </div> <!-- main-panel-content rounded-window-bottom -->
        </div> <!-- panel -->
        <div panel-name="chronological-Smoke" class="panel">
          <div class="main-panel-header rounded-window-top">
            <span class="header-content">Methods in chronological order</span>
          </div> <!-- main-panel-header rounded-window-top -->
          <div class="main-panel-content rounded-window-bottom">
            <div class="chronological-class">
              <div class="chronological-class-name">Tests.LoginTest</div> <!-- chronological-class-name -->
              <div class="configuration-suite before">
                <span class="method-name">StartApp(org.testng.TestRunner@195113de)</span>
                <span class="method-start">0 ms</span>
              </div> <!-- configuration-suite before -->
              <div class="test-method">
                <span class="method-name">TC_001_VerifyLogin({Mobilenumber=8248606917, Username=vishaldel, Password=vishalde, Runmode=N, Project=jj_test, TC ID=T...)</span>
                <span class="method-start">16776 ms</span>
              </div> <!-- test-method -->
              <div class="test-method">
                <span class="method-name">TC_001_VerifyLogin({Mobilenumber=8248606917, Username=vishalde, Password=vishaldel, Runmode=N, Project=jj_test, TC ID=T...)</span>
                <span class="method-start">16792 ms</span>
              </div> <!-- test-method -->
              <div class="test-method">
                <span class="method-name">TC_001_VerifyLogin({Mobilenumber=8248606917, Username=vishaldel, Password=vishaldel, Runmode=N, Project=jj_tes, TC ID=T...)</span>
                <span class="method-start">16796 ms</span>
              </div> <!-- test-method -->
              <div class="test-method">
                <span class="method-name">TC_001_VerifyLogin({Mobilenumber=8248606917, Username=vishalde, Password=vishalde, Runmode=N, Project=jj_tes, TC ID=TC_...)</span>
                <span class="method-start">16799 ms</span>
              </div> <!-- test-method -->
              <div class="test-method">
                <span class="method-name">TC_001_VerifyLogin({Mobilenumber=8248606917, Username=, Password=vishaldel, Runmode=N, Project=jj_test, TC ID=TC_005}, ...)</span>
                <span class="method-start">16803 ms</span>
              </div> <!-- test-method -->
              <div class="test-method">
                <span class="method-name">TC_001_VerifyLogin({Mobilenumber=8248606917, Username=vishaldel, Password=, Runmode=N, Project=jj_test, TC ID=TC_006}, ...)</span>
                <span class="method-start">16806 ms</span>
              </div> <!-- test-method -->
              <div class="test-method">
                <span class="method-name">TC_001_VerifyLogin({Mobilenumber=8248606917, Username=vishaldel, Password=vishaldel, Runmode=N, Project=, TC ID=TC_007}...)</span>
                <span class="method-start">16809 ms</span>
              </div> <!-- test-method -->
              <div class="test-method">
                <span class="method-name">TC_001_VerifyLogin({Mobilenumber=, Username=vishaldel, Password=vishaldel, Runmode=N, Project=jj_test, TC ID=TC_008}, p...)</span>
                <span class="method-start">16813 ms</span>
              </div> <!-- test-method -->
              <div class="test-method">
                <span class="method-name">TC_001_VerifyLogin({Mobilenumber=, Username=, Password=, Runmode=N, Project=, TC ID=TC_009}, public static void Tests.L...)</span>
                <span class="method-start">16829 ms</span>
              </div> <!-- test-method -->
              <div class="test-method">
                <span class="method-name">TC_001_VerifyLogin({Mobilenumber=8248606917, Username=E1M4, Password=E1M4, Runmode=Y, Project=framedemo_d1, TC ID=TC_01...)</span>
                <span class="method-start">16832 ms</span>
              </div> <!-- test-method -->
              <div class="test-method">
                <span class="method-name">TC_002_Verify_AppVersion({Runmode=Y, Version=V 3.1.3, TC ID=TC_012}, public static void Tests.LoginTest.TC_002_Verify_AppVers...)</span>
                <span class="method-start">31346 ms</span>
              </div> <!-- test-method -->
            </div> <!-- chronological-class -->
            <div class="chronological-class">
              <div class="chronological-class-name">Tests.AttendanceTest</div> <!-- chronological-class-name -->
              <div class="test-method">
                <span class="method-name">TC_001_VerifyAttendance({Runmode=Y, Image Required=true, Attendancetype=Present, TC ID=TC_004}, public static void Tests.Att...)</span>
                <span class="method-start">31411 ms</span>
              </div> <!-- test-method -->
              <div class="test-method">
                <span class="method-name">TC_002_VerifyImagerequired({Runmode=Y, Attendancetype=Present, TC ID=TC_003}, public static void Tests.AttendanceTest.TC_002_Ve...)</span>
                <span class="method-start">31418 ms</span>
              </div> <!-- test-method -->
              <div class="test-method">
                <span class="method-name">TC_002_VerifyImagerequired({Runmode=Y, Attendancetype=Leave, TC ID=TC_003}, public static void Tests.AttendanceTest.TC_002_Veri...)</span>
                <span class="method-start">31421 ms</span>
              </div> <!-- test-method -->
              <div class="test-method">
                <span class="method-name">TC_002_VerifyImagerequired({Runmode=Y, Attendancetype=Absent, TC ID=TC_003}, public static void Tests.AttendanceTest.TC_002_Ver...)</span>
                <span class="method-start">31425 ms</span>
              </div> <!-- test-method -->
              <div class="test-method">
                <span class="method-name">TC_002_VerifyImagerequired({Runmode=Y, Attendancetype=At Office, TC ID=TC_003}, public static void Tests.AttendanceTest.TC_002_...)</span>
                <span class="method-start">31430 ms</span>
              </div> <!-- test-method -->
              <div class="test-method">
                <span class="method-name">TC_002_VerifyImagerequired({Runmode=Y, Attendancetype=Week off, TC ID=TC_003}, public static void Tests.AttendanceTest.TC_002_V...)</span>
                <span class="method-start">31435 ms</span>
              </div> <!-- test-method -->
              <div class="test-method">
                <span class="method-name">TC_002_VerifyImagerequired({Runmode=Y, Attendancetype=Holiday, TC ID=TC_003}, public static void Tests.AttendanceTest.TC_002_Ve...)</span>
                <span class="method-start">31440 ms</span>
              </div> <!-- test-method -->
              <div class="test-method">
                <span class="method-name">TC_002_VerifyImagerequired({Runmode=Y, Attendancetype=Tour, TC ID=TC_003}, public static void Tests.AttendanceTest.TC_002_Verif...)</span>
                <span class="method-start">31446 ms</span>
              </div> <!-- test-method -->
              <div class="test-method">
                <span class="method-name">TC_002_VerifyImagerequired({Runmode=N, Attendancetype=Resign, TC ID=TC_003}, public static void Tests.AttendanceTest.TC_002_Ver...)</span>
                <span class="method-start">31450 ms</span>
              </div> <!-- test-method -->
              <div class="test-method">
                <span class="method-name">TC_002_VerifyImagerequired({Runmode=Y, Attendancetype=Training, TC ID=TC_003}, public static void Tests.AttendanceTest.TC_002_V...)</span>
                <span class="method-start">31455 ms</span>
              </div> <!-- test-method -->
              <div class="test-method">
                <span class="method-name">TC_002_VerifyImagerequired({Runmode=Y, Attendancetype=Monthly Meeting, TC ID=TC_003}, public static void Tests.AttendanceTest.T...)</span>
                <span class="method-start">31466 ms</span>
              </div> <!-- test-method -->
            </div> <!-- chronological-class -->
            <div class="chronological-class">
              <div class="chronological-class-name">Tests.DownloadcallsTest</div> <!-- chronological-class-name -->
              <div class="test-method">
                <span class="method-name">TC_001_VerifyDownloadcalls({TargetId=33011, Runmode=Y, TC ID=TC_001}, public static void Tests.DownloadcallsTest.TC_001_VerifyD...)</span>
                <span class="method-start">31542 ms</span>
              </div> <!-- test-method -->
              <div class="test-method">
                <span class="method-name">TC_001_VerifyDownloadcalls({TargetId=000000, Runmode=Y, TC ID=TC_002}, public static void Tests.DownloadcallsTest.TC_001_Verify...)</span>
                <span class="method-start">31546 ms</span>
              </div> <!-- test-method -->
              <div class="test-method">
                <span class="method-name">TC_001_VerifyDownloadcalls({TargetId=33011, Runmode=Y, TC ID=TC_003}, public static void Tests.DownloadcallsTest.TC_001_VerifyD...)</span>
                <span class="method-start">31550 ms</span>
              </div> <!-- test-method -->
              <div class="test-method">
                <span class="method-name">TC_001_VerifyDownloadcalls({TargetId=, Runmode=, TC ID=}, public static void Tests.DownloadcallsTest.TC_001_VerifyDownloadcalls...)</span>
                <span class="method-start">31553 ms</span>
              </div> <!-- test-method -->
            </div> <!-- chronological-class -->
            <div class="chronological-class">
              <div class="chronological-class-name">Tests.ResourceCentreTest</div> <!-- chronological-class-name -->
              <div class="test-method">
                <span class="method-name">TC001_VerifyResourcecentrefiles({Filename=Lead 2023 design.pptx, Runmode=Y, TC ID=TC_001}, public static void Tests.ResourceCentreTe...)</span>
                <span class="method-start">31624 ms</span>
              </div> <!-- test-method -->
              <div class="test-method">
                <span class="method-name">TC001_VerifyResourcecentrefiles({Filename=Mobile App Toolkit_free.mp4, Runmode=Y, TC ID=TC_002}, public static void Tests.ResourceCe...)</span>
                <span class="method-start">38569 ms</span>
              </div> <!-- test-method -->
              <div class="test-method">
                <span class="method-name">TC001_VerifyResourcecentrefiles({Filename=NOGST_NOPAN.pdf, Runmode=Y, TC ID=TC_003}, public static void Tests.ResourceCentreTest.TC0...)</span>
                <span class="method-start">43379 ms</span>
              </div> <!-- test-method -->
              <div class="test-method">
                <span class="method-name">TC001_VerifyResourcecentrefiles({Filename=NOGST_PAN.pdf, Runmode=Y, TC ID=TC_004}, public static void Tests.ResourceCentreTest.TC001...)</span>
                <span class="method-start">49484 ms</span>
              </div> <!-- test-method -->
              <div class="test-method">
                <span class="method-name">TC001_VerifyResourcecentrefiles({Filename=redipae.docx, Runmode=Y, TC ID=TC_005}, public static void Tests.ResourceCentreTest.TC001_...)</span>
                <span class="method-start">55059 ms</span>
              </div> <!-- test-method -->
              <div class="test-method">
                <span class="method-name">TC001_VerifyResourcecentrefiles({Filename=retail-industry-trends.jpg, Runmode=Y, TC ID=TC_006}, public static void Tests.ResourceCen...)</span>
                <span class="method-start">60676 ms</span>
              </div> <!-- test-method -->
              <div class="test-method">
                <span class="method-name">TC001_VerifyResourcecentrefiles({Filename=Task Target Mapping (29)(1).xlsx, Runmode=Y, TC ID=TC_007}, public static void Tests.Resou...)</span>
                <span class="method-start">65942 ms</span>
              </div> <!-- test-method -->
              <div class="test-method">
                <span class="method-name">TC001_VerifyResourcecentrefiles({Filename=Tech-Trends-in-Retail.jpg, Runmode=Y, TC ID=TC_008}, public static void Tests.ResourceCent...)</span>
                <span class="method-start">72787 ms</span>
              </div> <!-- test-method -->
              <div class="test-method">
                <span class="method-name">TC001_VerifyResourcecentrefiles({Filename=The Merchandising black book.pptx, Runmode=Y, TC ID=TC_009}, public static void Tests.Reso...)</span>
                <span class="method-start">77613 ms</span>
              </div> <!-- test-method -->
            </div> <!-- chronological-class -->
            <div class="chronological-class">
              <div class="chronological-class-name">Tests.LoginTest</div> <!-- chronological-class-name -->
              <div class="configuration-suite after">
                <span class="method-name">tearDownApp</span>
                <span class="method-start">84406 ms</span>
              </div> <!-- configuration-suite after -->
          </div> <!-- main-panel-content rounded-window-bottom -->
        </div> <!-- panel -->
      </div> <!-- main-panel-root -->
    </div> <!-- wrapper -->
  </body>
<script type="text/javascript" src="testng-reports2.js"></script>
</html>
